2014/04/20 09:18:40 [error] [exception.CException] exception 'CException' with message 'StudentController cannot find the requested view "show_exam".' in C:\AppServ\www\epretest\framework\web\CController.php:879
Stack trace:
#0 C:\AppServ\www\epretest\protected\views\web\student\view.php(273): CController->renderPartial('show_exam', Array)
#1 C:\AppServ\www\epretest\framework\web\CBaseController.php(127): require('C:\AppServ\www\...')
#2 C:\AppServ\www\epretest\framework\web\CBaseController.php(96): CBaseController->renderInternal('C:\AppServ\www\...', Array, true)
#3 C:\AppServ\www\epretest\framework\web\CController.php(870): CBaseController->renderFile('C:\AppServ\www\...', Array, true)
#4 C:\AppServ\www\epretest\framework\web\CController.php(783): CController->renderPartial('view', Array, true)
#5 C:\AppServ\www\epretest\protected\controllers\web\StudentController.php(144): CController->render('view', Array)
#6 C:\AppServ\www\epretest\framework\web\actions\CInlineAction.php(50): StudentController->actionView()
#7 C:\AppServ\www\epretest\framework\web\CController.php(309): CInlineAction->runWithParams(Array)
#8 C:\AppServ\www\epretest\framework\web\filters\CFilterChain.php(134): CController->runAction(Object(CInlineAction))
#9 C:\AppServ\www\epretest\framework\web\filters\CFilter.php(41): CFilterChain->run()
#10 C:\AppServ\www\epretest\framework\web\CController.php(1146): CFilter->filter(Object(CFilterChain))
#11 C:\AppServ\www\epretest\framework\web\filters\CInlineFilter.php(59): CController->filterAccessControl(Object(CFilterChain))
#12 C:\AppServ\www\epretest\framework\web\filters\CFilterChain.php(131): CInlineFilter->filter(Object(CFilterChain))
#13 C:\AppServ\www\epretest\framework\web\CController.php(292): CFilterChain->run()
#14 C:\AppServ\www\epretest\framework\web\CController.php(266): CController->runActionWithFilters(Object(CInlineAction), Array)
#15 C:\AppServ\www\epretest\framework\web\CWebApplication.php(276): CController->run('view')
#16 C:\AppServ\www\epretest\framework\web\CWebApplication.php(135): CWebApplication->runController('student/view')
#17 C:\AppServ\www\epretest\framework\base\CApplication.php(162): CWebApplication->processRequest()
#18 C:\AppServ\www\epretest\protected\components\WebApplicationEndBehavior.php(26): CApplication->run()
#19 [internal function]: WebApplicationEndBehavior->runEnd('web')
#20 C:\AppServ\www\epretest\framework\base\CComponent.php(261): call_user_func_array(Array, Array)
#21 [internal function]: CComponent->__call('runEnd', Array)
#22 C:\AppServ\www\epretest\index.php(11): CWebApplication->runEnd('web')
#23 {main}
REQUEST_URI=/epretest/index.php?r=student/view
---
2014/04/20 09:23:22 [error] [exception.CHttpException.404] exception 'CHttpException' with message 'The requested page does not exist.' in C:\AppServ\www\epretest\protected\controllers\web\ExamController.php:929
Stack trace:
#0 C:\AppServ\www\epretest\protected\controllers\web\ExamController.php(913): ExamController->loadTestRecord('0')
#1 [internal function]: ExamController->actionDecreaseTime('0')
#2 C:\AppServ\www\epretest\framework\web\actions\CAction.php(107): ReflectionMethod->invokeArgs(Object(ExamController), Array)
#3 C:\AppServ\www\epretest\framework\web\actions\CInlineAction.php(48): CAction->runWithParamsInternal(Object(ExamController), Object(ReflectionMethod), Array)
#4 C:\AppServ\www\epretest\framework\web\CController.php(309): CInlineAction->runWithParams(Array)
#5 C:\AppServ\www\epretest\framework\web\CController.php(287): CController->runAction(Object(CInlineAction))
#6 C:\AppServ\www\epretest\framework\web\CController.php(266): CController->runActionWithFilters(Object(CInlineAction), Array)
#7 C:\AppServ\www\epretest\framework\web\CWebApplication.php(276): CController->run('decreaseTime')
#8 C:\AppServ\www\epretest\framework\web\CWebApplication.php(135): CWebApplication->runController('exam/decreaseTi...')
#9 C:\AppServ\www\epretest\framework\base\CApplication.php(162): CWebApplication->processRequest()
#10 C:\AppServ\www\epretest\protected\components\WebApplicationEndBehavior.php(26): CApplication->run()
#11 [internal function]: WebApplicationEndBehavior->runEnd('web')
#12 C:\AppServ\www\epretest\framework\base\CComponent.php(261): call_user_func_array(Array, Array)
#13 [internal function]: CComponent->__call('runEnd', Array)
#14 C:\AppServ\www\epretest\index.php(11): CWebApplication->runEnd('web')
#15 {main}
REQUEST_URI=/epretest/index.php?r=exam/decreaseTime&id=0
HTTP_REFERER=http://localhost/epretest/index.php?r=exam&id=8
---
2014/04/20 10:08:56 [error] [exception.CHttpException.404] exception 'CHttpException' with message 'The requested page does not exist.' in C:\AppServ\www\epretest\protected\controllers\web\ExamController.php:928
Stack trace:
#0 C:\AppServ\www\epretest\protected\controllers\web\ExamController.php(912): ExamController->loadTestRecord('0')
#1 [internal function]: ExamController->actionDecreaseTime('0')
#2 C:\AppServ\www\epretest\framework\web\actions\CAction.php(107): ReflectionMethod->invokeArgs(Object(ExamController), Array)
#3 C:\AppServ\www\epretest\framework\web\actions\CInlineAction.php(48): CAction->runWithParamsInternal(Object(ExamController), Object(ReflectionMethod), Array)
#4 C:\AppServ\www\epretest\framework\web\CController.php(309): CInlineAction->runWithParams(Array)
#5 C:\AppServ\www\epretest\framework\web\CController.php(287): CController->runAction(Object(CInlineAction))
#6 C:\AppServ\www\epretest\framework\web\CController.php(266): CController->runActionWithFilters(Object(CInlineAction), Array)
#7 C:\AppServ\www\epretest\framework\web\CWebApplication.php(276): CController->run('decreaseTime')
#8 C:\AppServ\www\epretest\framework\web\CWebApplication.php(135): CWebApplication->runController('exam/decreaseTi...')
#9 C:\AppServ\www\epretest\framework\base\CApplication.php(162): CWebApplication->processRequest()
#10 C:\AppServ\www\epretest\protected\components\WebApplicationEndBehavior.php(26): CApplication->run()
#11 [internal function]: WebApplicationEndBehavior->runEnd('web')
#12 C:\AppServ\www\epretest\framework\base\CComponent.php(261): call_user_func_array(Array, Array)
#13 [internal function]: CComponent->__call('runEnd', Array)
#14 C:\AppServ\www\epretest\index.php(11): CWebApplication->runEnd('web')
#15 {main}
REQUEST_URI=/epretest/index.php?r=exam/decreaseTime&id=0
HTTP_REFERER=http://localhost/epretest/index.php?r=exam&id=7
---
2014/04/20 10:26:55 [warning] [application] Failed to set unsafe attribute "hddnValue" of "LoginForm".
in C:\AppServ\www\epretest\protected\controllers\web\SiteController.php (265)
in C:\AppServ\www\epretest\protected\components\WebApplicationEndBehavior.php (26)
in C:\AppServ\www\epretest\index.php (11)
2014/04/20 11:00:07 [error] [exception.CHttpException.404] exception 'CHttpException' with message 'Unable to resolve the request "examanswer".' in C:\AppServ\www\epretest\framework\web\CWebApplication.php:280
Stack trace:
#0 C:\AppServ\www\epretest\framework\web\CWebApplication.php(135): CWebApplication->runController('examanswer')
#1 C:\AppServ\www\epretest\framework\base\CApplication.php(162): CWebApplication->processRequest()
#2 C:\AppServ\www\epretest\protected\components\WebApplicationEndBehavior.php(26): CApplication->run()
#3 [internal function]: WebApplicationEndBehavior->runEnd('web')
#4 C:\AppServ\www\epretest\framework\base\CComponent.php(261): call_user_func_array(Array, Array)
#5 [internal function]: CComponent->__call('runEnd', Array)
#6 C:\AppServ\www\epretest\index.php(11): CWebApplication->runEnd('web')
#7 {main}
REQUEST_URI=/epretest/?r=examanswer&id=17
HTTP_REFERER=http://localhost/epretest/?r=student/view&level=13
---
2014/04/20 11:14:34 [error] [exception.CHttpException.404] exception 'CHttpException' with message 'The requested page does not exist.' in C:\AppServ\www\epretest\protected\controllers\web\ExamController.php:924
Stack trace:
#0 C:\AppServ\www\epretest\protected\controllers\web\ExamController.php(908): ExamController->loadTestRecord('0')
#1 [internal function]: ExamController->actionDecreaseTime('0')
#2 C:\AppServ\www\epretest\framework\web\actions\CAction.php(107): ReflectionMethod->invokeArgs(Object(ExamController), Array)
#3 C:\AppServ\www\epretest\framework\web\actions\CInlineAction.php(48): CAction->runWithParamsInternal(Object(ExamController), Object(ReflectionMethod), Array)
#4 C:\AppServ\www\epretest\framework\web\CController.php(309): CInlineAction->runWithParams(Array)
#5 C:\AppServ\www\epretest\framework\web\CController.php(287): CController->runAction(Object(CInlineAction))
#6 C:\AppServ\www\epretest\framework\web\CController.php(266): CController->runActionWithFilters(Object(CInlineAction), Array)
#7 C:\AppServ\www\epretest\framework\web\CWebApplication.php(276): CController->run('decreaseTime')
#8 C:\AppServ\www\epretest\framework\web\CWebApplication.php(135): CWebApplication->runController('exam/decreaseTi...')
#9 C:\AppServ\www\epretest\framework\base\CApplication.php(162): CWebApplication->processRequest()
#10 C:\AppServ\www\epretest\protected\components\WebApplicationEndBehavior.php(26): CApplication->run()
#11 [internal function]: WebApplicationEndBehavior->runEnd('web')
#12 C:\AppServ\www\epretest\framework\base\CComponent.php(261): call_user_func_array(Array, Array)
#13 [internal function]: CComponent->__call('runEnd', Array)
#14 C:\AppServ\www\epretest\index.php(11): CWebApplication->runEnd('web')
#15 {main}
REQUEST_URI=/epretest/?r=exam/decreaseTime&id=0
HTTP_REFERER=http://localhost/epretest/?r=exam&id=8
---
2014/04/21 08:28:00 [error] [exception.CHttpException.404] exception 'CHttpException' with message 'The requested page does not exist.' in C:\AppServ\www\epretest\protected\controllers\web\ExamController.php:907
Stack trace:
#0 C:\AppServ\www\epretest\protected\controllers\web\ExamController.php(892): ExamController->loadTestRecord('0')
#1 [internal function]: ExamController->actionDecreaseTime('0')
#2 C:\AppServ\www\epretest\framework\web\actions\CAction.php(107): ReflectionMethod->invokeArgs(Object(ExamController), Array)
#3 C:\AppServ\www\epretest\framework\web\actions\CInlineAction.php(48): CAction->runWithParamsInternal(Object(ExamController), Object(ReflectionMethod), Array)
#4 C:\AppServ\www\epretest\framework\web\CController.php(309): CInlineAction->runWithParams(Array)
#5 C:\AppServ\www\epretest\framework\web\CController.php(287): CController->runAction(Object(CInlineAction))
#6 C:\AppServ\www\epretest\framework\web\CController.php(266): CController->runActionWithFilters(Object(CInlineAction), Array)
#7 C:\AppServ\www\epretest\framework\web\CWebApplication.php(276): CController->run('decreaseTime')
#8 C:\AppServ\www\epretest\framework\web\CWebApplication.php(135): CWebApplication->runController('exam/decreaseTi...')
#9 C:\AppServ\www\epretest\framework\base\CApplication.php(162): CWebApplication->processRequest()
#10 C:\AppServ\www\epretest\protected\components\WebApplicationEndBehavior.php(26): CApplication->run()
#11 [internal function]: WebApplicationEndBehavior->runEnd('web')
#12 C:\AppServ\www\epretest\framework\base\CComponent.php(261): call_user_func_array(Array, Array)
#13 [internal function]: CComponent->__call('runEnd', Array)
#14 C:\AppServ\www\epretest\index.php(11): CWebApplication->runEnd('web')
#15 {main}
REQUEST_URI=/epretest/?r=exam/decreaseTime&id=0
HTTP_REFERER=http://localhost/epretest/?r=exam&id=10%3B01%253%245t97%3C20973
---
2014/04/21 10:18:38 [error] [exception.CHttpException.400] exception 'CHttpException' with message 'Your request is invalid.' in C:\AppServ\www\epretest\framework\web\CController.php:337
Stack trace:
#0 C:\AppServ\www\epretest\framework\web\CController.php(310): CController->invalidActionParams(Object(CInlineAction))
#1 C:\AppServ\www\epretest\framework\web\CController.php(287): CController->runAction(Object(CInlineAction))
#2 C:\AppServ\www\epretest\framework\web\CController.php(266): CController->runActionWithFilters(Object(CInlineAction), Array)
#3 C:\AppServ\www\epretest\framework\web\CWebApplication.php(276): CController->run('answer')
#4 C:\AppServ\www\epretest\framework\web\CWebApplication.php(135): CWebApplication->runController('exam/answer')
#5 C:\AppServ\www\epretest\framework\base\CApplication.php(162): CWebApplication->processRequest()
#6 C:\AppServ\www\epretest\protected\components\WebApplicationEndBehavior.php(26): CApplication->run()
#7 [internal function]: WebApplicationEndBehavior->runEnd('web')
#8 C:\AppServ\www\epretest\framework\base\CComponent.php(261): call_user_func_array(Array, Array)
#9 [internal function]: CComponent->__call('runEnd', Array)
#10 C:\AppServ\www\epretest\index.php(11): CWebApplication->runEnd('web')
#11 {main}
REQUEST_URI=/epretest/?r=exam/answer&id=14%3B01%253%245t97%3C25773
HTTP_REFERER=http://localhost/epretest/?r=student/view&level=13
---
2014/04/21 12:25:33 [error] [exception.CHttpException.404] exception 'CHttpException' with message 'The requested page does not exist.' in C:\AppServ\www\epretest\protected\controllers\web\ExamController.php:906
Stack trace:
#0 C:\AppServ\www\epretest\protected\controllers\web\ExamController.php(891): ExamController->loadTestRecord('0')
#1 [internal function]: ExamController->actionDecreaseTime('0')
#2 C:\AppServ\www\epretest\framework\web\actions\CAction.php(107): ReflectionMethod->invokeArgs(Object(ExamController), Array)
#3 C:\AppServ\www\epretest\framework\web\actions\CInlineAction.php(48): CAction->runWithParamsInternal(Object(ExamController), Object(ReflectionMethod), Array)
#4 C:\AppServ\www\epretest\framework\web\CController.php(309): CInlineAction->runWithParams(Array)
#5 C:\AppServ\www\epretest\framework\web\CController.php(287): CController->runAction(Object(CInlineAction))
#6 C:\AppServ\www\epretest\framework\web\CController.php(266): CController->runActionWithFilters(Object(CInlineAction), Array)
#7 C:\AppServ\www\epretest\framework\web\CWebApplication.php(276): CController->run('decreaseTime')
#8 C:\AppServ\www\epretest\framework\web\CWebApplication.php(135): CWebApplication->runController('exam/decreaseTi...')
#9 C:\AppServ\www\epretest\framework\base\CApplication.php(162): CWebApplication->processRequest()
#10 C:\AppServ\www\epretest\protected\components\WebApplicationEndBehavior.php(26): CApplication->run()
#11 [internal function]: WebApplicationEndBehavior->runEnd('web')
#12 C:\AppServ\www\epretest\framework\base\CComponent.php(261): call_user_func_array(Array, Array)
#13 [internal function]: CComponent->__call('runEnd', Array)
#14 C:\AppServ\www\epretest\index.php(11): CWebApplication->runEnd('web')
#15 {main}
REQUEST_URI=/epretest/?r=exam/decreaseTime&id=0
HTTP_REFERER=http://localhost/epretest/?r=exam&id=11
---
2014/04/22 12:13:55 [warning] [application] Failed to set unsafe attribute "hddnValue" of "LoginForm".
in C:\AppServ\www\epretest\protected\controllers\web\SiteController.php (265)
in C:\AppServ\www\epretest\protected\components\WebApplicationEndBehavior.php (26)
in C:\AppServ\www\epretest\index.php (11)
2014/04/24 13:59:20 [error] [exception.CException] exception 'CException' with message 'Property "Exam.text_file" is not defined.' in C:\AppServ\www\epretest\framework\base\CComponent.php:131
Stack trace:
#0 C:\AppServ\www\epretest\framework\db\ar\CActiveRecord.php(144): CComponent->__get('text_file')
#1 C:\AppServ\www\epretest\protected\models\Exam.php(140): CActiveRecord->__get('text_file')
#2 C:\AppServ\www\epretest\protected\views\admin\exam\admin.php(45): Exam->search()
#3 C:\AppServ\www\epretest\framework\web\CBaseController.php(127): require('C:\AppServ\www\...')
#4 C:\AppServ\www\epretest\framework\web\CBaseController.php(96): CBaseController->renderInternal('C:\AppServ\www\...', Array, true)
#5 C:\AppServ\www\epretest\framework\web\CController.php(870): CBaseController->renderFile('C:\AppServ\www\...', Array, true)
#6 C:\AppServ\www\epretest\framework\web\CController.php(783): CController->renderPartial('admin', Array, true)
#7 C:\AppServ\www\epretest\protected\controllers\admin\ExamController.php(292): CController->render('admin', Array)
#8 C:\AppServ\www\epretest\framework\web\actions\CInlineAction.php(50): ExamController->actionIndex()
#9 C:\AppServ\www\epretest\framework\web\CController.php(309): CInlineAction->runWithParams(Array)
#10 C:\AppServ\www\epretest\framework\web\filters\CFilterChain.php(134): CController->runAction(Object(CInlineAction))
#11 C:\AppServ\www\epretest\framework\web\filters\CFilter.php(41): CFilterChain->run()
#12 C:\AppServ\www\epretest\framework\web\CController.php(1146): CFilter->filter(Object(CFilterChain))
#13 C:\AppServ\www\epretest\framework\web\filters\CInlineFilter.php(59): CController->filterAccessControl(Object(CFilterChain))
#14 C:\AppServ\www\epretest\framework\web\filters\CFilterChain.php(131): CInlineFilter->filter(Object(CFilterChain))
#15 C:\AppServ\www\epretest\framework\web\CController.php(292): CFilterChain->run()
#16 C:\AppServ\www\epretest\framework\web\CController.php(266): CController->runActionWithFilters(Object(CInlineAction), Array)
#17 C:\AppServ\www\epretest\framework\web\CWebApplication.php(276): CController->run('')
#18 C:\AppServ\www\epretest\framework\web\CWebApplication.php(135): CWebApplication->runController('exam')
#19 C:\AppServ\www\epretest\framework\base\CApplication.php(162): CWebApplication->processRequest()
#20 C:\AppServ\www\epretest\protected\components\WebApplicationEndBehavior.php(26): CApplication->run()
#21 [internal function]: WebApplicationEndBehavior->runEnd('admin')
#22 C:\AppServ\www\epretest\framework\base\CComponent.php(261): call_user_func_array(Array, Array)
#23 [internal function]: CComponent->__call('runEnd', Array)
#24 C:\AppServ\www\epretest\admin.php(11): CWebApplication->runEnd('admin')
#25 {main}
REQUEST_URI=/epretest/admin/exam
HTTP_REFERER=http://localhost/epretest/admin/testRecord
---
2014/04/24 13:59:26 [error] [exception.CException] exception 'CException' with message 'Property "Exam.text_file" is not defined.' in C:\AppServ\www\epretest\framework\base\CComponent.php:131
Stack trace:
#0 C:\AppServ\www\epretest\framework\db\ar\CActiveRecord.php(144): CComponent->__get('text_file')
#1 C:\AppServ\www\epretest\protected\models\Exam.php(140): CActiveRecord->__get('text_file')
#2 C:\AppServ\www\epretest\protected\views\admin\exam\admin.php(45): Exam->search()
#3 C:\AppServ\www\epretest\framework\web\CBaseController.php(127): require('C:\AppServ\www\...')
#4 C:\AppServ\www\epretest\framework\web\CBaseController.php(96): CBaseController->renderInternal('C:\AppServ\www\...', Array, true)
#5 C:\AppServ\www\epretest\framework\web\CController.php(870): CBaseController->renderFile('C:\AppServ\www\...', Array, true)
#6 C:\AppServ\www\epretest\framework\web\CController.php(783): CController->renderPartial('admin', Array, true)
#7 C:\AppServ\www\epretest\protected\controllers\admin\ExamController.php(292): CController->render('admin', Array)
#8 C:\AppServ\www\epretest\framework\web\actions\CInlineAction.php(50): ExamController->actionIndex()
#9 C:\AppServ\www\epretest\framework\web\CController.php(309): CInlineAction->runWithParams(Array)
#10 C:\AppServ\www\epretest\framework\web\filters\CFilterChain.php(134): CController->runAction(Object(CInlineAction))
#11 C:\AppServ\www\epretest\framework\web\filters\CFilter.php(41): CFilterChain->run()
#12 C:\AppServ\www\epretest\framework\web\CController.php(1146): CFilter->filter(Object(CFilterChain))
#13 C:\AppServ\www\epretest\framework\web\filters\CInlineFilter.php(59): CController->filterAccessControl(Object(CFilterChain))
#14 C:\AppServ\www\epretest\framework\web\filters\CFilterChain.php(131): CInlineFilter->filter(Object(CFilterChain))
#15 C:\AppServ\www\epretest\framework\web\CController.php(292): CFilterChain->run()
#16 C:\AppServ\www\epretest\framework\web\CController.php(266): CController->runActionWithFilters(Object(CInlineAction), Array)
#17 C:\AppServ\www\epretest\framework\web\CWebApplication.php(276): CController->run('')
#18 C:\AppServ\www\epretest\framework\web\CWebApplication.php(135): CWebApplication->runController('exam')
#19 C:\AppServ\www\epretest\framework\base\CApplication.php(162): CWebApplication->processRequest()
#20 C:\AppServ\www\epretest\protected\components\WebApplicationEndBehavior.php(26): CApplication->run()
#21 [internal function]: WebApplicationEndBehavior->runEnd('admin')
#22 C:\AppServ\www\epretest\framework\base\CComponent.php(261): call_user_func_array(Array, Array)
#23 [internal function]: CComponent->__call('runEnd', Array)
#24 C:\AppServ\www\epretest\admin.php(11): CWebApplication->runEnd('admin')
#25 {main}
REQUEST_URI=/epretest/admin/exam
---
2014/04/24 14:00:49 [error] [exception.CHttpException.404] exception 'CHttpException' with message 'Unable to resolve the request "exam".' in C:\AppServ\www\epretest\framework\web\CWebApplication.php:280
Stack trace:
#0 C:\AppServ\www\epretest\framework\web\CWebApplication.php(135): CWebApplication->runController('exam')
#1 C:\AppServ\www\epretest\framework\base\CApplication.php(162): CWebApplication->processRequest()
#2 C:\AppServ\www\epretest\protected\components\WebApplicationEndBehavior.php(26): CApplication->run()
#3 [internal function]: WebApplicationEndBehavior->runEnd('admin')
#4 C:\AppServ\www\epretest\framework\base\CComponent.php(261): call_user_func_array(Array, Array)
#5 [internal function]: CComponent->__call('runEnd', Array)
#6 C:\AppServ\www\epretest\admin.php(11): CWebApplication->runEnd('admin')
#7 {main}
REQUEST_URI=/epretest/admin/exam
---
2014/04/24 14:00:56 [error] [exception.CHttpException.404] exception 'CHttpException' with message 'Unable to resolve the request "exam".' in C:\AppServ\www\epretest\framework\web\CWebApplication.php:280
Stack trace:
#0 C:\AppServ\www\epretest\framework\web\CWebApplication.php(135): CWebApplication->runController('exam')
#1 C:\AppServ\www\epretest\framework\base\CApplication.php(162): CWebApplication->processRequest()
#2 C:\AppServ\www\epretest\protected\components\WebApplicationEndBehavior.php(26): CApplication->run()
#3 [internal function]: WebApplicationEndBehavior->runEnd('admin')
#4 C:\AppServ\www\epretest\framework\base\CComponent.php(261): call_user_func_array(Array, Array)
#5 [internal function]: CComponent->__call('runEnd', Array)
#6 C:\AppServ\www\epretest\admin.php(11): CWebApplication->runEnd('admin')
#7 {main}
REQUEST_URI=/epretest/admin/exam
HTTP_REFERER=http://localhost/epretest/admin/testRecord
---
2014/04/24 14:02:10 [error] [exception.CException] exception 'CException' with message 'Property "Exam.text_file" is not defined.' in C:\AppServ\www\epretest\framework\base\CComponent.php:131
Stack trace:
#0 C:\AppServ\www\epretest\framework\db\ar\CActiveRecord.php(144): CComponent->__get('text_file')
#1 C:\AppServ\www\epretest\protected\models\Exam.php(140): CActiveRecord->__get('text_file')
#2 C:\AppServ\www\epretest\protected\views\admin\exam\admin.php(45): Exam->search()
#3 C:\AppServ\www\epretest\framework\web\CBaseController.php(127): require('C:\AppServ\www\...')
#4 C:\AppServ\www\epretest\framework\web\CBaseController.php(96): CBaseController->renderInternal('C:\AppServ\www\...', Array, true)
#5 C:\AppServ\www\epretest\framework\web\CController.php(870): CBaseController->renderFile('C:\AppServ\www\...', Array, true)
#6 C:\AppServ\www\epretest\framework\web\CController.php(783): CController->renderPartial('admin', Array, true)
#7 C:\AppServ\www\epretest\protected\controllers\admin\ExamController.php(292): CController->render('admin', Array)
#8 C:\AppServ\www\epretest\framework\web\actions\CInlineAction.php(50): ExamController->actionIndex()
#9 C:\AppServ\www\epretest\framework\web\CController.php(309): CInlineAction->runWithParams(Array)
#10 C:\AppServ\www\epretest\framework\web\filters\CFilterChain.php(134): CController->runAction(Object(CInlineAction))
#11 C:\AppServ\www\epretest\framework\web\filters\CFilter.php(41): CFilterChain->run()
#12 C:\AppServ\www\epretest\framework\web\CController.php(1146): CFilter->filter(Object(CFilterChain))
#13 C:\AppServ\www\epretest\framework\web\filters\CInlineFilter.php(59): CController->filterAccessControl(Object(CFilterChain))
#14 C:\AppServ\www\epretest\framework\web\filters\CFilterChain.php(131): CInlineFilter->filter(Object(CFilterChain))
#15 C:\AppServ\www\epretest\framework\web\CController.php(292): CFilterChain->run()
#16 C:\AppServ\www\epretest\framework\web\CController.php(266): CController->runActionWithFilters(Object(CInlineAction), Array)
#17 C:\AppServ\www\epretest\framework\web\CWebApplication.php(276): CController->run('')
#18 C:\AppServ\www\epretest\framework\web\CWebApplication.php(135): CWebApplication->runController('exam')
#19 C:\AppServ\www\epretest\framework\base\CApplication.php(162): CWebApplication->processRequest()
#20 C:\AppServ\www\epretest\protected\components\WebApplicationEndBehavior.php(26): CApplication->run()
#21 [internal function]: WebApplicationEndBehavior->runEnd('admin')
#22 C:\AppServ\www\epretest\framework\base\CComponent.php(261): call_user_func_array(Array, Array)
#23 [internal function]: CComponent->__call('runEnd', Array)
#24 C:\AppServ\www\epretest\admin.php(11): CWebApplication->runEnd('admin')
#25 {main}
REQUEST_URI=/epretest/admin/exam
HTTP_REFERER=http://localhost/epretest/admin
---
2014/04/24 14:03:51 [error] [exception.CException] exception 'CException' with message 'Property "Exam.text_file" is not defined.' in C:\AppServ\www\epretest\framework\base\CComponent.php:131
Stack trace:
#0 C:\AppServ\www\epretest\framework\db\ar\CActiveRecord.php(144): CComponent->__get('text_file')
#1 C:\AppServ\www\epretest\protected\models\Exam.php(140): CActiveRecord->__get('text_file')
#2 C:\AppServ\www\epretest\protected\views\admin\exam\admin.php(45): Exam->search()
#3 C:\AppServ\www\epretest\framework\web\CBaseController.php(127): require('C:\AppServ\www\...')
#4 C:\AppServ\www\epretest\framework\web\CBaseController.php(96): CBaseController->renderInternal('C:\AppServ\www\...', Array, true)
#5 C:\AppServ\www\epretest\framework\web\CController.php(870): CBaseController->renderFile('C:\AppServ\www\...', Array, true)
#6 C:\AppServ\www\epretest\framework\web\CController.php(783): CController->renderPartial('admin', Array, true)
#7 C:\AppServ\www\epretest\protected\controllers\admin\ExamController.php(292): CController->render('admin', Array)
#8 C:\AppServ\www\epretest\framework\web\actions\CInlineAction.php(50): ExamController->actionIndex()
#9 C:\AppServ\www\epretest\framework\web\CController.php(309): CInlineAction->runWithParams(Array)
#10 C:\AppServ\www\epretest\framework\web\filters\CFilterChain.php(134): CController->runAction(Object(CInlineAction))
#11 C:\AppServ\www\epretest\framework\web\filters\CFilter.php(41): CFilterChain->run()
#12 C:\AppServ\www\epretest\framework\web\CController.php(1146): CFilter->filter(Object(CFilterChain))
#13 C:\AppServ\www\epretest\framework\web\filters\CInlineFilter.php(59): CController->filterAccessControl(Object(CFilterChain))
#14 C:\AppServ\www\epretest\framework\web\filters\CFilterChain.php(131): CInlineFilter->filter(Object(CFilterChain))
#15 C:\AppServ\www\epretest\framework\web\CController.php(292): CFilterChain->run()
#16 C:\AppServ\www\epretest\framework\web\CController.php(266): CController->runActionWithFilters(Object(CInlineAction), Array)
#17 C:\AppServ\www\epretest\framework\web\CWebApplication.php(276): CController->run('')
#18 C:\AppServ\www\epretest\framework\web\CWebApplication.php(135): CWebApplication->runController('exam')
#19 C:\AppServ\www\epretest\framework\base\CApplication.php(162): CWebApplication->processRequest()
#20 C:\AppServ\www\epretest\protected\components\WebApplicationEndBehavior.php(26): CApplication->run()
#21 [internal function]: WebApplicationEndBehavior->runEnd('admin')
#22 C:\AppServ\www\epretest\framework\base\CComponent.php(261): call_user_func_array(Array, Array)
#23 [internal function]: CComponent->__call('runEnd', Array)
#24 C:\AppServ\www\epretest\admin.php(11): CWebApplication->runEnd('admin')
#25 {main}
REQUEST_URI=/epretest/admin/exam
---
2014/04/24 14:06:14 [error] [exception.CException] exception 'CException' with message 'Property "Session.text_file" is not defined.' in C:\AppServ\www\epretest\framework\base\CComponent.php:131
Stack trace:
#0 C:\AppServ\www\epretest\framework\db\ar\CActiveRecord.php(144): CComponent->__get('text_file')
#1 C:\AppServ\www\epretest\protected\models\Session.php(118): CActiveRecord->__get('text_file')
#2 C:\AppServ\www\epretest\protected\views\admin\session\admin.php(43): Session->search()
#3 C:\AppServ\www\epretest\framework\web\CBaseController.php(127): require('C:\AppServ\www\...')
#4 C:\AppServ\www\epretest\framework\web\CBaseController.php(96): CBaseController->renderInternal('C:\AppServ\www\...', Array, true)
#5 C:\AppServ\www\epretest\framework\web\CController.php(870): CBaseController->renderFile('C:\AppServ\www\...', Array, true)
#6 C:\AppServ\www\epretest\framework\web\CController.php(783): CController->renderPartial('admin', Array, true)
#7 C:\AppServ\www\epretest\protected\controllers\admin\SessionController.php(159): CController->render('admin', Array)
#8 C:\AppServ\www\epretest\framework\web\actions\CInlineAction.php(50): SessionController->actionIndex()
#9 C:\AppServ\www\epretest\framework\web\CController.php(309): CInlineAction->runWithParams(Array)
#10 C:\AppServ\www\epretest\framework\web\filters\CFilterChain.php(134): CController->runAction(Object(CInlineAction))
#11 C:\AppServ\www\epretest\framework\web\filters\CFilter.php(41): CFilterChain->run()
#12 C:\AppServ\www\epretest\framework\web\CController.php(1146): CFilter->filter(Object(CFilterChain))
#13 C:\AppServ\www\epretest\framework\web\filters\CInlineFilter.php(59): CController->filterAccessControl(Object(CFilterChain))
#14 C:\AppServ\www\epretest\framework\web\filters\CFilterChain.php(131): CInlineFilter->filter(Object(CFilterChain))
#15 C:\AppServ\www\epretest\framework\web\CController.php(292): CFilterChain->run()
#16 C:\AppServ\www\epretest\framework\web\CController.php(266): CController->runActionWithFilters(Object(CInlineAction), Array)
#17 C:\AppServ\www\epretest\framework\web\CWebApplication.php(276): CController->run('')
#18 C:\AppServ\www\epretest\framework\web\CWebApplication.php(135): CWebApplication->runController('session')
#19 C:\AppServ\www\epretest\framework\base\CApplication.php(162): CWebApplication->processRequest()
#20 C:\AppServ\www\epretest\protected\components\WebApplicationEndBehavior.php(26): CApplication->run()
#21 [internal function]: WebApplicationEndBehavior->runEnd('admin')
#22 C:\AppServ\www\epretest\framework\base\CComponent.php(261): call_user_func_array(Array, Array)
#23 [internal function]: CComponent->__call('runEnd', Array)
#24 C:\AppServ\www\epretest\admin.php(11): CWebApplication->runEnd('admin')
#25 {main}
REQUEST_URI=/epretest/admin/session
HTTP_REFERER=http://localhost/epretest/admin
---
2014/04/24 14:20:33 [error] [exception.CHttpException.404] exception 'CHttpException' with message 'The requested page does not exist.' in C:\AppServ\www\epretest\protected\controllers\web\ExamController.php:917
Stack trace:
#0 C:\AppServ\www\epretest\protected\controllers\web\ExamController.php(372): ExamController->loadTestRecord(NULL)
#1 [internal function]: ExamController->actionSubmit('30')
#2 C:\AppServ\www\epretest\framework\web\actions\CAction.php(107): ReflectionMethod->invokeArgs(Object(ExamController), Array)
#3 C:\AppServ\www\epretest\framework\web\actions\CInlineAction.php(48): CAction->runWithParamsInternal(Object(ExamController), Object(ReflectionMethod), Array)
#4 C:\AppServ\www\epretest\framework\web\CController.php(309): CInlineAction->runWithParams(Array)
#5 C:\AppServ\www\epretest\framework\web\CController.php(287): CController->runAction(Object(CInlineAction))
#6 C:\AppServ\www\epretest\framework\web\CController.php(266): CController->runActionWithFilters(Object(CInlineAction), Array)
#7 C:\AppServ\www\epretest\framework\web\CWebApplication.php(276): CController->run('submit')
#8 C:\AppServ\www\epretest\framework\web\CWebApplication.php(135): CWebApplication->runController('exam/submit')
#9 C:\AppServ\www\epretest\framework\base\CApplication.php(162): CWebApplication->processRequest()
#10 C:\AppServ\www\epretest\protected\components\WebApplicationEndBehavior.php(26): CApplication->run()
#11 [internal function]: WebApplicationEndBehavior->runEnd('web')
#12 C:\AppServ\www\epretest\framework\base\CComponent.php(261): call_user_func_array(Array, Array)
#13 [internal function]: CComponent->__call('runEnd', Array)
#14 C:\AppServ\www\epretest\index.php(11): CWebApplication->runEnd('web')
#15 {main}
REQUEST_URI=/epretest/index.php?r=exam/submit&id=30
HTTP_REFERER=http://localhost/epretest/index.php?r=exam&id=test
---
2014/04/24 15:51:38 [warning] [application] Failed to set unsafe attribute "hddnValue" of "LoginForm".
in C:\AppServ\www\epretest\protected\controllers\web\SiteController.php (265)
in C:\AppServ\www\epretest\protected\components\WebApplicationEndBehavior.php (26)
in C:\AppServ\www\epretest\index.php (11)
2014/04/24 16:22:11 [warning] [application] Failed to set unsafe attribute "hddnValue" of "LoginForm".
in C:\AppServ\www\epretest\protected\controllers\web\SiteController.php (265)
in C:\AppServ\www\epretest\protected\components\WebApplicationEndBehavior.php (26)
in C:\AppServ\www\epretest\index.php (11)
2014/04/24 18:16:44 [warning] [application] Failed to set unsafe attribute "hddnValue" of "LoginForm".
in C:\AppServ\www\epretest\protected\controllers\web\SiteController.php (265)
in C:\AppServ\www\epretest\protected\components\WebApplicationEndBehavior.php (26)
in C:\AppServ\www\epretest\index.php (11)
2014/04/24 18:16:49 [warning] [application] Failed to set unsafe attribute "hddnValue" of "LoginForm".
in C:\AppServ\www\epretest\protected\controllers\web\SiteController.php (265)
in C:\AppServ\www\epretest\protected\components\WebApplicationEndBehavior.php (26)
in C:\AppServ\www\epretest\index.php (11)
2014/04/25 11:04:10 [warning] [application] Failed to set unsafe attribute "hddnValue" of "LoginForm".
in C:\AppServ\www\epretest\protected\controllers\web\SiteController.php (265)
in C:\AppServ\www\epretest\protected\components\WebApplicationEndBehavior.php (26)
in C:\AppServ\www\epretest\index.php (11)
2014/04/25 17:07:38 [error] [exception.CHttpException.404] exception 'CHttpException' with message 'The requested page does not exist.' in C:\AppServ\www\epretest\protected\controllers\web\ExamController.php:913
Stack trace:
#0 C:\AppServ\www\epretest\protected\controllers\web\ExamController.php(136): ExamController->loadTestRecord(NULL)
#1 C:\AppServ\www\epretest\framework\web\actions\CInlineAction.php(50): ExamController->actionSave()
#2 C:\AppServ\www\epretest\framework\web\CController.php(309): CInlineAction->runWithParams(Array)
#3 C:\AppServ\www\epretest\framework\web\CController.php(287): CController->runAction(Object(CInlineAction))
#4 C:\AppServ\www\epretest\framework\web\CController.php(266): CController->runActionWithFilters(Object(CInlineAction), Array)
#5 C:\AppServ\www\epretest\framework\web\CWebApplication.php(276): CController->run('save')
#6 C:\AppServ\www\epretest\framework\web\CWebApplication.php(135): CWebApplication->runController('exam/save')
#7 C:\AppServ\www\epretest\framework\base\CApplication.php(162): CWebApplication->processRequest()
#8 C:\AppServ\www\epretest\protected\components\WebApplicationEndBehavior.php(26): CApplication->run()
#9 [internal function]: WebApplicationEndBehavior->runEnd('web')
#10 C:\AppServ\www\epretest\framework\base\CComponent.php(261): call_user_func_array(Array, Array)
#11 [internal function]: CComponent->__call('runEnd', Array)
#12 C:\AppServ\www\epretest\index.php(11): CWebApplication->runEnd('web')
#13 {main}
REQUEST_URI=/epretest/index.php?r=exam/save
HTTP_REFERER=http://localhost/epretest/?r=exam/index&id=14
---
2014/04/25 17:12:40 [warning] [application] Failed to set unsafe attribute "hddnValue" of "LoginForm".
in C:\AppServ\www\epretest\protected\controllers\web\SiteController.php (265)
in C:\AppServ\www\epretest\protected\components\WebApplicationEndBehavior.php (26)
in C:\AppServ\www\epretest\index.php (11)
2014/04/25 17:14:14 [error] [exception.CHttpException.404] exception 'CHttpException' with message 'The requested page does not exist.' in C:\AppServ\www\epretest\protected\controllers\web\ExamController.php:915
Stack trace:
#0 C:\AppServ\www\epretest\protected\controllers\web\ExamController.php(135): ExamController->loadTestRecord(NULL)
#1 C:\AppServ\www\epretest\framework\web\actions\CInlineAction.php(50): ExamController->actionSave()
#2 C:\AppServ\www\epretest\framework\web\CController.php(309): CInlineAction->runWithParams(Array)
#3 C:\AppServ\www\epretest\framework\web\CController.php(287): CController->runAction(Object(CInlineAction))
#4 C:\AppServ\www\epretest\framework\web\CController.php(266): CController->runActionWithFilters(Object(CInlineAction), Array)
#5 C:\AppServ\www\epretest\framework\web\CWebApplication.php(276): CController->run('save')
#6 C:\AppServ\www\epretest\framework\web\CWebApplication.php(135): CWebApplication->runController('exam/save')
#7 C:\AppServ\www\epretest\framework\base\CApplication.php(162): CWebApplication->processRequest()
#8 C:\AppServ\www\epretest\protected\components\WebApplicationEndBehavior.php(26): CApplication->run()
#9 [internal function]: WebApplicationEndBehavior->runEnd('web')
#10 C:\AppServ\www\epretest\framework\base\CComponent.php(261): call_user_func_array(Array, Array)
#11 [internal function]: CComponent->__call('runEnd', Array)
#12 C:\AppServ\www\epretest\index.php(11): CWebApplication->runEnd('web')
#13 {main}
REQUEST_URI=/epretest/index.php?r=exam/save
HTTP_REFERER=http://localhost/epretest/?r=exam/index&id=8
---
2014/04/25 17:15:22 [error] [exception.CHttpException.404] exception 'CHttpException' with message 'The requested page does not exist.' in C:\AppServ\www\epretest\protected\controllers\web\ExamController.php:915
Stack trace:
#0 C:\AppServ\www\epretest\protected\controllers\web\ExamController.php(135): ExamController->loadTestRecord(NULL)
#1 C:\AppServ\www\epretest\framework\web\actions\CInlineAction.php(50): ExamController->actionSave()
#2 C:\AppServ\www\epretest\framework\web\CController.php(309): CInlineAction->runWithParams(Array)
#3 C:\AppServ\www\epretest\framework\web\CController.php(287): CController->runAction(Object(CInlineAction))
#4 C:\AppServ\www\epretest\framework\web\CController.php(266): CController->runActionWithFilters(Object(CInlineAction), Array)
#5 C:\AppServ\www\epretest\framework\web\CWebApplication.php(276): CController->run('save')
#6 C:\AppServ\www\epretest\framework\web\CWebApplication.php(135): CWebApplication->runController('exam/save')
#7 C:\AppServ\www\epretest\framework\base\CApplication.php(162): CWebApplication->processRequest()
#8 C:\AppServ\www\epretest\protected\components\WebApplicationEndBehavior.php(26): CApplication->run()
#9 [internal function]: WebApplicationEndBehavior->runEnd('web')
#10 C:\AppServ\www\epretest\framework\base\CComponent.php(261): call_user_func_array(Array, Array)
#11 [internal function]: CComponent->__call('runEnd', Array)
#12 C:\AppServ\www\epretest\index.php(11): CWebApplication->runEnd('web')
#13 {main}
REQUEST_URI=/epretest/index.php?r=exam/save
HTTP_REFERER=http://localhost/epretest/?r=exam/index&id=8
---
