2014/09/04 18:26:07 [error] [php] Undefined offset: 2 (C:\xampp\htdocs\2014\epretest\protected\views\web\layouts\main2.php:30)
Stack trace:
#0 C:\xampp\htdocs\2014\epretest\framework\web\widgets\CContentDecorator.php(77): ExamController->renderFile()
#1 C:\xampp\htdocs\2014\epretest\framework\web\widgets\CContentDecorator.php(55): CContentDecorator->decorate()
#2 C:\xampp\htdocs\2014\epretest\framework\web\widgets\COutputProcessor.php(45): CContentDecorator->processOutput()
#3 C:\xampp\htdocs\2014\epretest\framework\web\CBaseController.php(207): CContentDecorator->run()
#4 C:\xampp\htdocs\2014\epretest\framework\web\CBaseController.php(301): ExamController->endWidget()
#5 C:\xampp\htdocs\2014\epretest\protected\views\web\layouts\exam.php(5): ExamController->endContent()
#6 C:\xampp\htdocs\2014\epretest\framework\web\CBaseController.php(127): require()
#7 C:\xampp\htdocs\2014\epretest\framework\web\CBaseController.php(96): ExamController->renderInternal()
#8 C:\xampp\htdocs\2014\epretest\framework\web\CController.php(785): ExamController->renderFile()
#9 C:\xampp\htdocs\2014\epretest\protected\controllers\web\ExamController.php(25): ExamController->render()
#10 C:\xampp\htdocs\2014\epretest\framework\web\actions\CInlineAction.php(50): ExamController->actionIndex()
#11 C:\xampp\htdocs\2014\epretest\framework\web\CController.php(309): CInlineAction->runWithParams()
#12 C:\xampp\htdocs\2014\epretest\framework\web\CController.php(287): ExamController->runAction()
#13 C:\xampp\htdocs\2014\epretest\framework\web\CController.php(266): ExamController->runActionWithFilters()
#14 C:\xampp\htdocs\2014\epretest\framework\web\CWebApplication.php(276): ExamController->run()
#15 C:\xampp\htdocs\2014\epretest\framework\web\CWebApplication.php(135): CWebApplication->runController()
#16 C:\xampp\htdocs\2014\epretest\framework\base\CApplication.php(162): CWebApplication->processRequest()
#17 C:\xampp\htdocs\2014\epretest\protected\components\WebApplicationEndBehavior.php(26): CWebApplication->run()
#18 unknown(0): WebApplicationEndBehavior->runEnd()
#19 C:\xampp\htdocs\2014\epretest\framework\base\CComponent.php(261): call_user_func_array()
#20 C:\xampp\htdocs\2014\epretest\index.php(11): CWebApplication->__call()
#21 C:\xampp\htdocs\2014\epretest\index.php(11): CWebApplication->runEnd()
REQUEST_URI=/2014/epretest/index.php?r=exam&id=58
in C:\xampp\htdocs\2014\epretest\protected\views\web\layouts\main2.php (30)
in C:\xampp\htdocs\2014\epretest\protected\views\web\layouts\exam.php (5)
in C:\xampp\htdocs\2014\epretest\protected\controllers\web\ExamController.php (25)
2014/09/04 18:51:48 [error] [php] Undefined variable: go_to (C:\xampp\htdocs\2014\epretest\protected\controllers\web\ExamController.php:75)
Stack trace:
#0 C:\xampp\htdocs\2014\epretest\framework\web\CController.php(287): ExamController->runAction()
#1 C:\xampp\htdocs\2014\epretest\framework\web\CController.php(266): ExamController->runActionWithFilters()
#2 C:\xampp\htdocs\2014\epretest\framework\web\CWebApplication.php(276): ExamController->run()
#3 C:\xampp\htdocs\2014\epretest\framework\web\CWebApplication.php(135): CWebApplication->runController()
#4 C:\xampp\htdocs\2014\epretest\framework\base\CApplication.php(162): CWebApplication->processRequest()
#5 C:\xampp\htdocs\2014\epretest\protected\components\WebApplicationEndBehavior.php(26): CWebApplication->run()
#6 unknown(0): WebApplicationEndBehavior->runEnd()
#7 C:\xampp\htdocs\2014\epretest\framework\base\CComponent.php(261): call_user_func_array()
#8 C:\xampp\htdocs\2014\epretest\index.php(11): CWebApplication->__call()
#9 C:\xampp\htdocs\2014\epretest\index.php(11): CWebApplication->runEnd()
REQUEST_URI=/2014/epretest/index.php?r=exam/select&subject_id=3
in C:\xampp\htdocs\2014\epretest\protected\controllers\web\ExamController.php (75)
in C:\xampp\htdocs\2014\epretest\protected\components\WebApplicationEndBehavior.php (26)
in C:\xampp\htdocs\2014\epretest\index.php (11)
2014/09/04 18:53:10 [error] [exception.CHttpException.404] exception 'CHttpException' with message 'The requested page does not exist.' in C:\xampp\htdocs\2014\epretest\protected\controllers\web\ExamController.php:237
Stack trace:
#0 C:\xampp\htdocs\2014\epretest\protected\controllers\web\ExamController.php(255): ExamController->loadTestRecord(NULL)
#1 C:\xampp\htdocs\2014\epretest\protected\controllers\web\ExamController.php(108): ExamController->saveExamForm()
#2 C:\xampp\htdocs\2014\epretest\framework\web\actions\CInlineAction.php(50): ExamController->actionSubmit()
#3 C:\xampp\htdocs\2014\epretest\framework\web\CController.php(309): CInlineAction->runWithParams(Array)
#4 C:\xampp\htdocs\2014\epretest\framework\web\CController.php(287): CController->runAction(Object(CInlineAction))
#5 C:\xampp\htdocs\2014\epretest\framework\web\CController.php(266): CController->runActionWithFilters(Object(CInlineAction), Array)
#6 C:\xampp\htdocs\2014\epretest\framework\web\CWebApplication.php(276): CController->run('submit')
#7 C:\xampp\htdocs\2014\epretest\framework\web\CWebApplication.php(135): CWebApplication->runController('exam/submit')
#8 C:\xampp\htdocs\2014\epretest\framework\base\CApplication.php(162): CWebApplication->processRequest()
#9 C:\xampp\htdocs\2014\epretest\protected\components\WebApplicationEndBehavior.php(26): CApplication->run()
#10 [internal function]: WebApplicationEndBehavior->runEnd('web')
#11 C:\xampp\htdocs\2014\epretest\framework\base\CComponent.php(261): call_user_func_array(Array, Array)
#12 C:\xampp\htdocs\2014\epretest\index.php(11): CComponent->__call('runEnd', Array)
#13 C:\xampp\htdocs\2014\epretest\index.php(11): CWebApplication->runEnd('web')
#14 {main}
REQUEST_URI=/2014/epretest/index.php?r=exam/submit&id=21
HTTP_REFERER=http://localhost/2014/epretest/index.php?r=exam&id=21
---
2014/09/04 18:58:52 [error] [php] Undefined variable: go_to (C:\xampp\htdocs\2014\epretest\protected\controllers\web\ExamController.php:75)
Stack trace:
#0 C:\xampp\htdocs\2014\epretest\framework\web\CController.php(287): ExamController->runAction()
#1 C:\xampp\htdocs\2014\epretest\framework\web\CController.php(266): ExamController->runActionWithFilters()
#2 C:\xampp\htdocs\2014\epretest\framework\web\CWebApplication.php(276): ExamController->run()
#3 C:\xampp\htdocs\2014\epretest\framework\web\CWebApplication.php(135): CWebApplication->runController()
#4 C:\xampp\htdocs\2014\epretest\framework\base\CApplication.php(162): CWebApplication->processRequest()
#5 C:\xampp\htdocs\2014\epretest\protected\components\WebApplicationEndBehavior.php(26): CWebApplication->run()
#6 unknown(0): WebApplicationEndBehavior->runEnd()
#7 C:\xampp\htdocs\2014\epretest\framework\base\CComponent.php(261): call_user_func_array()
#8 C:\xampp\htdocs\2014\epretest\index.php(11): CWebApplication->__call()
#9 C:\xampp\htdocs\2014\epretest\index.php(11): CWebApplication->runEnd()
REQUEST_URI=/2014/epretest/index.php?r=exam/select&subject_id=3
in C:\xampp\htdocs\2014\epretest\protected\controllers\web\ExamController.php (75)
in C:\xampp\htdocs\2014\epretest\protected\components\WebApplicationEndBehavior.php (26)
in C:\xampp\htdocs\2014\epretest\index.php (11)
2014/09/04 19:02:23 [error] [php] Undefined variable: go_to (C:\xampp\htdocs\2014\epretest\protected\controllers\web\ExamController.php:75)
Stack trace:
#0 C:\xampp\htdocs\2014\epretest\framework\web\CController.php(287): ExamController->runAction()
#1 C:\xampp\htdocs\2014\epretest\framework\web\CController.php(266): ExamController->runActionWithFilters()
#2 C:\xampp\htdocs\2014\epretest\framework\web\CWebApplication.php(276): ExamController->run()
#3 C:\xampp\htdocs\2014\epretest\framework\web\CWebApplication.php(135): CWebApplication->runController()
#4 C:\xampp\htdocs\2014\epretest\framework\base\CApplication.php(162): CWebApplication->processRequest()
#5 C:\xampp\htdocs\2014\epretest\protected\components\WebApplicationEndBehavior.php(26): CWebApplication->run()
#6 unknown(0): WebApplicationEndBehavior->runEnd()
#7 C:\xampp\htdocs\2014\epretest\framework\base\CComponent.php(261): call_user_func_array()
#8 C:\xampp\htdocs\2014\epretest\index.php(11): CWebApplication->__call()
#9 C:\xampp\htdocs\2014\epretest\index.php(11): CWebApplication->runEnd()
REQUEST_URI=/2014/epretest/index.php?r=exam/select&subject_id=2
in C:\xampp\htdocs\2014\epretest\protected\controllers\web\ExamController.php (75)
in C:\xampp\htdocs\2014\epretest\protected\components\WebApplicationEndBehavior.php (26)
in C:\xampp\htdocs\2014\epretest\index.php (11)
2014/09/04 19:10:40 [error] [php] Undefined variable: go_to (C:\xampp\htdocs\2014\epretest\protected\controllers\web\ExamController.php:75)
Stack trace:
#0 C:\xampp\htdocs\2014\epretest\framework\web\CController.php(287): ExamController->runAction()
#1 C:\xampp\htdocs\2014\epretest\framework\web\CController.php(266): ExamController->runActionWithFilters()
#2 C:\xampp\htdocs\2014\epretest\framework\web\CWebApplication.php(276): ExamController->run()
#3 C:\xampp\htdocs\2014\epretest\framework\web\CWebApplication.php(135): CWebApplication->runController()
#4 C:\xampp\htdocs\2014\epretest\framework\base\CApplication.php(162): CWebApplication->processRequest()
#5 C:\xampp\htdocs\2014\epretest\protected\components\WebApplicationEndBehavior.php(26): CWebApplication->run()
#6 unknown(0): WebApplicationEndBehavior->runEnd()
#7 C:\xampp\htdocs\2014\epretest\framework\base\CComponent.php(261): call_user_func_array()
#8 C:\xampp\htdocs\2014\epretest\index.php(11): CWebApplication->__call()
#9 C:\xampp\htdocs\2014\epretest\index.php(11): CWebApplication->runEnd()
REQUEST_URI=/2014/epretest/index.php?r=exam/select&subject_id=2
in C:\xampp\htdocs\2014\epretest\protected\controllers\web\ExamController.php (75)
in C:\xampp\htdocs\2014\epretest\protected\components\WebApplicationEndBehavior.php (26)
in C:\xampp\htdocs\2014\epretest\index.php (11)
2014/09/04 19:10:43 [error] [php] Undefined variable: go_to (C:\xampp\htdocs\2014\epretest\protected\controllers\web\ExamController.php:75)
Stack trace:
#0 C:\xampp\htdocs\2014\epretest\framework\web\CController.php(287): ExamController->runAction()
#1 C:\xampp\htdocs\2014\epretest\framework\web\CController.php(266): ExamController->runActionWithFilters()
#2 C:\xampp\htdocs\2014\epretest\framework\web\CWebApplication.php(276): ExamController->run()
#3 C:\xampp\htdocs\2014\epretest\framework\web\CWebApplication.php(135): CWebApplication->runController()
#4 C:\xampp\htdocs\2014\epretest\framework\base\CApplication.php(162): CWebApplication->processRequest()
#5 C:\xampp\htdocs\2014\epretest\protected\components\WebApplicationEndBehavior.php(26): CWebApplication->run()
#6 unknown(0): WebApplicationEndBehavior->runEnd()
#7 C:\xampp\htdocs\2014\epretest\framework\base\CComponent.php(261): call_user_func_array()
#8 C:\xampp\htdocs\2014\epretest\index.php(11): CWebApplication->__call()
#9 C:\xampp\htdocs\2014\epretest\index.php(11): CWebApplication->runEnd()
REQUEST_URI=/2014/epretest/index.php?r=exam/select&subject_id=3
in C:\xampp\htdocs\2014\epretest\protected\controllers\web\ExamController.php (75)
in C:\xampp\htdocs\2014\epretest\protected\components\WebApplicationEndBehavior.php (26)
in C:\xampp\htdocs\2014\epretest\index.php (11)
2014/09/04 19:11:01 [error] [php] Undefined variable: go_to (C:\xampp\htdocs\2014\epretest\protected\controllers\web\ExamController.php:75)
Stack trace:
#0 C:\xampp\htdocs\2014\epretest\framework\web\CController.php(287): ExamController->runAction()
#1 C:\xampp\htdocs\2014\epretest\framework\web\CController.php(266): ExamController->runActionWithFilters()
#2 C:\xampp\htdocs\2014\epretest\framework\web\CWebApplication.php(276): ExamController->run()
#3 C:\xampp\htdocs\2014\epretest\framework\web\CWebApplication.php(135): CWebApplication->runController()
#4 C:\xampp\htdocs\2014\epretest\framework\base\CApplication.php(162): CWebApplication->processRequest()
#5 C:\xampp\htdocs\2014\epretest\protected\components\WebApplicationEndBehavior.php(26): CWebApplication->run()
#6 unknown(0): WebApplicationEndBehavior->runEnd()
#7 C:\xampp\htdocs\2014\epretest\framework\base\CComponent.php(261): call_user_func_array()
#8 C:\xampp\htdocs\2014\epretest\index.php(11): CWebApplication->__call()
#9 C:\xampp\htdocs\2014\epretest\index.php(11): CWebApplication->runEnd()
REQUEST_URI=/2014/epretest/index.php?r=exam/select&subject_id=3
in C:\xampp\htdocs\2014\epretest\protected\controllers\web\ExamController.php (75)
in C:\xampp\htdocs\2014\epretest\protected\components\WebApplicationEndBehavior.php (26)
in C:\xampp\htdocs\2014\epretest\index.php (11)
2014/09/04 19:11:25 [error] [exception.CHttpException.404] exception 'CHttpException' with message 'The requested page does not exist.' in C:\xampp\htdocs\2014\epretest\protected\controllers\web\ExamController.php:237
Stack trace:
#0 C:\xampp\htdocs\2014\epretest\protected\controllers\web\ExamController.php(255): ExamController->loadTestRecord(NULL)
#1 C:\xampp\htdocs\2014\epretest\protected\controllers\web\ExamController.php(96): ExamController->saveExamForm()
#2 C:\xampp\htdocs\2014\epretest\framework\web\actions\CInlineAction.php(50): ExamController->actionSave()
#3 C:\xampp\htdocs\2014\epretest\framework\web\CController.php(309): CInlineAction->runWithParams(Array)
#4 C:\xampp\htdocs\2014\epretest\framework\web\CController.php(287): CController->runAction(Object(CInlineAction))
#5 C:\xampp\htdocs\2014\epretest\framework\web\CController.php(266): CController->runActionWithFilters(Object(CInlineAction), Array)
#6 C:\xampp\htdocs\2014\epretest\framework\web\CWebApplication.php(276): CController->run('save')
#7 C:\xampp\htdocs\2014\epretest\framework\web\CWebApplication.php(135): CWebApplication->runController('exam/save')
#8 C:\xampp\htdocs\2014\epretest\framework\base\CApplication.php(162): CWebApplication->processRequest()
#9 C:\xampp\htdocs\2014\epretest\protected\components\WebApplicationEndBehavior.php(26): CApplication->run()
#10 [internal function]: WebApplicationEndBehavior->runEnd('web')
#11 C:\xampp\htdocs\2014\epretest\framework\base\CComponent.php(261): call_user_func_array(Array, Array)
#12 C:\xampp\htdocs\2014\epretest\index.php(11): CComponent->__call('runEnd', Array)
#13 C:\xampp\htdocs\2014\epretest\index.php(11): CWebApplication->runEnd('web')
#14 {main}
REQUEST_URI=/2014/epretest/index.php?r=exam/save
HTTP_REFERER=http://localhost/2014/epretest/index.php?r=exam&id=21
---
2014/09/04 19:13:00 [error] [exception.CHttpException.404] exception 'CHttpException' with message 'The requested page does not exist.' in C:\xampp\htdocs\2014\epretest\protected\controllers\web\ExamController.php:237
Stack trace:
#0 C:\xampp\htdocs\2014\epretest\protected\controllers\web\ExamController.php(255): ExamController->loadTestRecord(NULL)
#1 C:\xampp\htdocs\2014\epretest\protected\controllers\web\ExamController.php(96): ExamController->saveExamForm()
#2 C:\xampp\htdocs\2014\epretest\framework\web\actions\CInlineAction.php(50): ExamController->actionSave()
#3 C:\xampp\htdocs\2014\epretest\framework\web\CController.php(309): CInlineAction->runWithParams(Array)
#4 C:\xampp\htdocs\2014\epretest\framework\web\CController.php(287): CController->runAction(Object(CInlineAction))
#5 C:\xampp\htdocs\2014\epretest\framework\web\CController.php(266): CController->runActionWithFilters(Object(CInlineAction), Array)
#6 C:\xampp\htdocs\2014\epretest\framework\web\CWebApplication.php(276): CController->run('save')
#7 C:\xampp\htdocs\2014\epretest\framework\web\CWebApplication.php(135): CWebApplication->runController('exam/save')
#8 C:\xampp\htdocs\2014\epretest\framework\base\CApplication.php(162): CWebApplication->processRequest()
#9 C:\xampp\htdocs\2014\epretest\protected\components\WebApplicationEndBehavior.php(26): CApplication->run()
#10 [internal function]: WebApplicationEndBehavior->runEnd('web')
#11 C:\xampp\htdocs\2014\epretest\framework\base\CComponent.php(261): call_user_func_array(Array, Array)
#12 C:\xampp\htdocs\2014\epretest\index.php(11): CComponent->__call('runEnd', Array)
#13 C:\xampp\htdocs\2014\epretest\index.php(11): CWebApplication->runEnd('web')
#14 {main}
REQUEST_URI=/2014/epretest/index.php?r=exam/save
HTTP_REFERER=http://localhost/2014/epretest/index.php?r=exam&id=21
---
2014/09/05 04:55:10 [warning] [application] Failed to set unsafe attribute "hddnValue" of "LoginForm".
in C:\xampp\htdocs\2014\epretest\protected\controllers\web\SiteController.php (265)
in C:\xampp\htdocs\2014\epretest\protected\components\WebApplicationEndBehavior.php (26)
in C:\xampp\htdocs\2014\epretest\index.php (11)
2014/09/05 04:58:26 [error] [php] Undefined variable: go_to (C:\xampp\htdocs\2014\epretest\protected\controllers\web\ExamController.php:75)
Stack trace:
#0 C:\xampp\htdocs\2014\epretest\framework\web\CController.php(287): ExamController->runAction()
#1 C:\xampp\htdocs\2014\epretest\framework\web\CController.php(266): ExamController->runActionWithFilters()
#2 C:\xampp\htdocs\2014\epretest\framework\web\CWebApplication.php(276): ExamController->run()
#3 C:\xampp\htdocs\2014\epretest\framework\web\CWebApplication.php(135): CWebApplication->runController()
#4 C:\xampp\htdocs\2014\epretest\framework\base\CApplication.php(162): CWebApplication->processRequest()
#5 C:\xampp\htdocs\2014\epretest\protected\components\WebApplicationEndBehavior.php(26): CWebApplication->run()
#6 unknown(0): WebApplicationEndBehavior->runEnd()
#7 C:\xampp\htdocs\2014\epretest\framework\base\CComponent.php(261): call_user_func_array()
#8 C:\xampp\htdocs\2014\epretest\index.php(11): CWebApplication->__call()
#9 C:\xampp\htdocs\2014\epretest\index.php(11): CWebApplication->runEnd()
REQUEST_URI=/2014/epretest/index.php?r=exam/select&subject_id=3
in C:\xampp\htdocs\2014\epretest\protected\controllers\web\ExamController.php (75)
in C:\xampp\htdocs\2014\epretest\protected\components\WebApplicationEndBehavior.php (26)
in C:\xampp\htdocs\2014\epretest\index.php (11)
2014/09/05 05:00:27 [error] [php] move_uploaded_file(C:\xampp\htdocs\2014\epretest\protected/../uploads/student/Student_8.jpg): failed to open stream: No such file or directory (C:\xampp\htdocs\2014\epretest\framework\web\CUploadedFile.php:197)
Stack trace:
#0 C:\xampp\htdocs\2014\epretest\framework\web\actions\CInlineAction.php(50): StudentController->actionUpdate()
#1 C:\xampp\htdocs\2014\epretest\framework\web\CController.php(309): CInlineAction->runWithParams()
#2 C:\xampp\htdocs\2014\epretest\framework\web\filters\CFilterChain.php(134): StudentController->runAction()
#3 C:\xampp\htdocs\2014\epretest\framework\web\filters\CFilter.php(41): CFilterChain->run()
#4 C:\xampp\htdocs\2014\epretest\framework\web\CController.php(1146): CAccessControlFilter->filter()
#5 C:\xampp\htdocs\2014\epretest\framework\web\filters\CInlineFilter.php(59): StudentController->filterAccessControl()
#6 C:\xampp\htdocs\2014\epretest\framework\web\filters\CFilterChain.php(131): CInlineFilter->filter()
#7 C:\xampp\htdocs\2014\epretest\framework\web\CController.php(292): CFilterChain->run()
#8 C:\xampp\htdocs\2014\epretest\framework\web\CController.php(266): StudentController->runActionWithFilters()
#9 C:\xampp\htdocs\2014\epretest\framework\web\CWebApplication.php(276): StudentController->run()
#10 C:\xampp\htdocs\2014\epretest\framework\web\CWebApplication.php(135): CWebApplication->runController()
#11 C:\xampp\htdocs\2014\epretest\framework\base\CApplication.php(162): CWebApplication->processRequest()
#12 C:\xampp\htdocs\2014\epretest\protected\components\WebApplicationEndBehavior.php(26): CWebApplication->run()
#13 unknown(0): WebApplicationEndBehavior->runEnd()
#14 C:\xampp\htdocs\2014\epretest\framework\base\CComponent.php(261): call_user_func_array()
#15 C:\xampp\htdocs\2014\epretest\index.php(11): CWebApplication->__call()
#16 C:\xampp\htdocs\2014\epretest\index.php(11): CWebApplication->runEnd()
REQUEST_URI=/2014/epretest/index.php?r=student/update
in C:\xampp\htdocs\2014\epretest\protected\controllers\web\StudentController.php (356)
in C:\xampp\htdocs\2014\epretest\protected\components\WebApplicationEndBehavior.php (26)
in C:\xampp\htdocs\2014\epretest\index.php (11)
2014/09/05 05:22:01 [error] [php] move_uploaded_file(C:\xampp\htdocs\2014\epretest\protected/../uploads/student/Student_8.jpg): failed to open stream: No such file or directory (C:\xampp\htdocs\2014\epretest\framework\web\CUploadedFile.php:197)
Stack trace:
#0 C:\xampp\htdocs\2014\epretest\framework\web\actions\CInlineAction.php(50): StudentController->actionUpdate()
#1 C:\xampp\htdocs\2014\epretest\framework\web\CController.php(309): CInlineAction->runWithParams()
#2 C:\xampp\htdocs\2014\epretest\framework\web\filters\CFilterChain.php(134): StudentController->runAction()
#3 C:\xampp\htdocs\2014\epretest\framework\web\filters\CFilter.php(41): CFilterChain->run()
#4 C:\xampp\htdocs\2014\epretest\framework\web\CController.php(1146): CAccessControlFilter->filter()
#5 C:\xampp\htdocs\2014\epretest\framework\web\filters\CInlineFilter.php(59): StudentController->filterAccessControl()
#6 C:\xampp\htdocs\2014\epretest\framework\web\filters\CFilterChain.php(131): CInlineFilter->filter()
#7 C:\xampp\htdocs\2014\epretest\framework\web\CController.php(292): CFilterChain->run()
#8 C:\xampp\htdocs\2014\epretest\framework\web\CController.php(266): StudentController->runActionWithFilters()
#9 C:\xampp\htdocs\2014\epretest\framework\web\CWebApplication.php(276): StudentController->run()
#10 C:\xampp\htdocs\2014\epretest\framework\web\CWebApplication.php(135): CWebApplication->runController()
#11 C:\xampp\htdocs\2014\epretest\framework\base\CApplication.php(162): CWebApplication->processRequest()
#12 C:\xampp\htdocs\2014\epretest\protected\components\WebApplicationEndBehavior.php(26): CWebApplication->run()
#13 unknown(0): WebApplicationEndBehavior->runEnd()
#14 C:\xampp\htdocs\2014\epretest\framework\base\CComponent.php(261): call_user_func_array()
#15 C:\xampp\htdocs\2014\epretest\index.php(11): CWebApplication->__call()
#16 C:\xampp\htdocs\2014\epretest\index.php(11): CWebApplication->runEnd()
REQUEST_URI=/2014/epretest/index.php?r=student/update
in C:\xampp\htdocs\2014\epretest\protected\controllers\web\StudentController.php (363)
in C:\xampp\htdocs\2014\epretest\protected\components\WebApplicationEndBehavior.php (26)
in C:\xampp\htdocs\2014\epretest\index.php (11)
2014/09/05 05:25:22 [error] [php] move_uploaded_file(C:\xampp\htdocs\2014\epretest\protected\..\uploads\student/Student_8.jpg): failed to open stream: No such file or directory (C:\xampp\htdocs\2014\epretest\framework\web\CUploadedFile.php:197)
Stack trace:
#0 C:\xampp\htdocs\2014\epretest\framework\web\actions\CInlineAction.php(50): StudentController->actionUpdate()
#1 C:\xampp\htdocs\2014\epretest\framework\web\CController.php(309): CInlineAction->runWithParams()
#2 C:\xampp\htdocs\2014\epretest\framework\web\filters\CFilterChain.php(134): StudentController->runAction()
#3 C:\xampp\htdocs\2014\epretest\framework\web\filters\CFilter.php(41): CFilterChain->run()
#4 C:\xampp\htdocs\2014\epretest\framework\web\CController.php(1146): CAccessControlFilter->filter()
#5 C:\xampp\htdocs\2014\epretest\framework\web\filters\CInlineFilter.php(59): StudentController->filterAccessControl()
#6 C:\xampp\htdocs\2014\epretest\framework\web\filters\CFilterChain.php(131): CInlineFilter->filter()
#7 C:\xampp\htdocs\2014\epretest\framework\web\CController.php(292): CFilterChain->run()
#8 C:\xampp\htdocs\2014\epretest\framework\web\CController.php(266): StudentController->runActionWithFilters()
#9 C:\xampp\htdocs\2014\epretest\framework\web\CWebApplication.php(276): StudentController->run()
#10 C:\xampp\htdocs\2014\epretest\framework\web\CWebApplication.php(135): CWebApplication->runController()
#11 C:\xampp\htdocs\2014\epretest\framework\base\CApplication.php(162): CWebApplication->processRequest()
#12 C:\xampp\htdocs\2014\epretest\protected\components\WebApplicationEndBehavior.php(26): CWebApplication->run()
#13 unknown(0): WebApplicationEndBehavior->runEnd()
#14 C:\xampp\htdocs\2014\epretest\framework\base\CComponent.php(261): call_user_func_array()
#15 C:\xampp\htdocs\2014\epretest\index.php(11): CWebApplication->__call()
#16 C:\xampp\htdocs\2014\epretest\index.php(11): CWebApplication->runEnd()
REQUEST_URI=/2014/epretest/index.php?r=student/update
in C:\xampp\htdocs\2014\epretest\protected\controllers\web\StudentController.php (363)
in C:\xampp\htdocs\2014\epretest\protected\components\WebApplicationEndBehavior.php (26)
in C:\xampp\htdocs\2014\epretest\index.php (11)
2014/09/05 05:30:13 [error] [php] move_uploaded_file(C:\xampp\htdocs\2014\epretest\protected\..\uploads\student\Student_8.jpg): failed to open stream: No such file or directory (C:\xampp\htdocs\2014\epretest\framework\web\CUploadedFile.php:197)
Stack trace:
#0 C:\xampp\htdocs\2014\epretest\framework\web\actions\CInlineAction.php(50): StudentController->actionUpdate()
#1 C:\xampp\htdocs\2014\epretest\framework\web\CController.php(309): CInlineAction->runWithParams()
#2 C:\xampp\htdocs\2014\epretest\framework\web\filters\CFilterChain.php(134): StudentController->runAction()
#3 C:\xampp\htdocs\2014\epretest\framework\web\filters\CFilter.php(41): CFilterChain->run()
#4 C:\xampp\htdocs\2014\epretest\framework\web\CController.php(1146): CAccessControlFilter->filter()
#5 C:\xampp\htdocs\2014\epretest\framework\web\filters\CInlineFilter.php(59): StudentController->filterAccessControl()
#6 C:\xampp\htdocs\2014\epretest\framework\web\filters\CFilterChain.php(131): CInlineFilter->filter()
#7 C:\xampp\htdocs\2014\epretest\framework\web\CController.php(292): CFilterChain->run()
#8 C:\xampp\htdocs\2014\epretest\framework\web\CController.php(266): StudentController->runActionWithFilters()
#9 C:\xampp\htdocs\2014\epretest\framework\web\CWebApplication.php(276): StudentController->run()
#10 C:\xampp\htdocs\2014\epretest\framework\web\CWebApplication.php(135): CWebApplication->runController()
#11 C:\xampp\htdocs\2014\epretest\framework\base\CApplication.php(162): CWebApplication->processRequest()
#12 C:\xampp\htdocs\2014\epretest\protected\components\WebApplicationEndBehavior.php(26): CWebApplication->run()
#13 unknown(0): WebApplicationEndBehavior->runEnd()
#14 C:\xampp\htdocs\2014\epretest\framework\base\CComponent.php(261): call_user_func_array()
#15 C:\xampp\htdocs\2014\epretest\index.php(11): CWebApplication->__call()
#16 C:\xampp\htdocs\2014\epretest\index.php(11): CWebApplication->runEnd()
REQUEST_URI=/2014/epretest/index.php?r=student/update
in C:\xampp\htdocs\2014\epretest\protected\controllers\web\StudentController.php (363)
in C:\xampp\htdocs\2014\epretest\protected\components\WebApplicationEndBehavior.php (26)
in C:\xampp\htdocs\2014\epretest\index.php (11)
2014/09/05 06:04:15 [error] [php] Undefined variable: go_to (C:\xampp\htdocs\2014\epretest\protected\controllers\web\ExamController.php:75)
Stack trace:
#0 C:\xampp\htdocs\2014\epretest\framework\web\CController.php(287): ExamController->runAction()
#1 C:\xampp\htdocs\2014\epretest\framework\web\CController.php(266): ExamController->runActionWithFilters()
#2 C:\xampp\htdocs\2014\epretest\framework\web\CWebApplication.php(276): ExamController->run()
#3 C:\xampp\htdocs\2014\epretest\framework\web\CWebApplication.php(135): CWebApplication->runController()
#4 C:\xampp\htdocs\2014\epretest\framework\base\CApplication.php(162): CWebApplication->processRequest()
#5 C:\xampp\htdocs\2014\epretest\protected\components\WebApplicationEndBehavior.php(26): CWebApplication->run()
#6 unknown(0): WebApplicationEndBehavior->runEnd()
#7 C:\xampp\htdocs\2014\epretest\framework\base\CComponent.php(261): call_user_func_array()
#8 C:\xampp\htdocs\2014\epretest\index.php(11): CWebApplication->__call()
#9 C:\xampp\htdocs\2014\epretest\index.php(11): CWebApplication->runEnd()
REQUEST_URI=/2014/epretest/index.php?r=exam/select&subject_id=3
in C:\xampp\htdocs\2014\epretest\protected\controllers\web\ExamController.php (75)
in C:\xampp\htdocs\2014\epretest\protected\components\WebApplicationEndBehavior.php (26)
in C:\xampp\htdocs\2014\epretest\index.php (11)
2014/09/05 06:11:51 [error] [php] Undefined variable: go_to (C:\xampp\htdocs\2014\epretest\protected\controllers\web\ExamController.php:75)
Stack trace:
#0 C:\xampp\htdocs\2014\epretest\framework\web\CController.php(287): ExamController->runAction()
#1 C:\xampp\htdocs\2014\epretest\framework\web\CController.php(266): ExamController->runActionWithFilters()
#2 C:\xampp\htdocs\2014\epretest\framework\web\CWebApplication.php(276): ExamController->run()
#3 C:\xampp\htdocs\2014\epretest\framework\web\CWebApplication.php(135): CWebApplication->runController()
#4 C:\xampp\htdocs\2014\epretest\framework\base\CApplication.php(162): CWebApplication->processRequest()
#5 C:\xampp\htdocs\2014\epretest\protected\components\WebApplicationEndBehavior.php(26): CWebApplication->run()
#6 unknown(0): WebApplicationEndBehavior->runEnd()
#7 C:\xampp\htdocs\2014\epretest\framework\base\CComponent.php(261): call_user_func_array()
#8 C:\xampp\htdocs\2014\epretest\index.php(11): CWebApplication->__call()
#9 C:\xampp\htdocs\2014\epretest\index.php(11): CWebApplication->runEnd()
REQUEST_URI=/2014/epretest/index.php?r=exam/select&subject_id=3
in C:\xampp\htdocs\2014\epretest\protected\controllers\web\ExamController.php (75)
in C:\xampp\htdocs\2014\epretest\protected\components\WebApplicationEndBehavior.php (26)
in C:\xampp\htdocs\2014\epretest\index.php (11)
2014/09/05 06:14:25 [error] [php] Undefined variable: go_to (C:\xampp\htdocs\2014\epretest\protected\controllers\web\ExamController.php:75)
Stack trace:
#0 C:\xampp\htdocs\2014\epretest\framework\web\CController.php(287): ExamController->runAction()
#1 C:\xampp\htdocs\2014\epretest\framework\web\CController.php(266): ExamController->runActionWithFilters()
#2 C:\xampp\htdocs\2014\epretest\framework\web\CWebApplication.php(276): ExamController->run()
#3 C:\xampp\htdocs\2014\epretest\framework\web\CWebApplication.php(135): CWebApplication->runController()
#4 C:\xampp\htdocs\2014\epretest\framework\base\CApplication.php(162): CWebApplication->processRequest()
#5 C:\xampp\htdocs\2014\epretest\protected\components\WebApplicationEndBehavior.php(26): CWebApplication->run()
#6 unknown(0): WebApplicationEndBehavior->runEnd()
#7 C:\xampp\htdocs\2014\epretest\framework\base\CComponent.php(261): call_user_func_array()
#8 C:\xampp\htdocs\2014\epretest\index.php(11): CWebApplication->__call()
#9 C:\xampp\htdocs\2014\epretest\index.php(11): CWebApplication->runEnd()
REQUEST_URI=/2014/epretest/index.php?r=exam/select&subject_id=24
in C:\xampp\htdocs\2014\epretest\protected\controllers\web\ExamController.php (75)
in C:\xampp\htdocs\2014\epretest\protected\components\WebApplicationEndBehavior.php (26)
in C:\xampp\htdocs\2014\epretest\index.php (11)
2014/09/05 06:18:34 [warning] [application] Failed to set unsafe attribute "hddnValue" of "LoginForm".
in C:\xampp\htdocs\2014\epretest\protected\controllers\web\SiteController.php (265)
in C:\xampp\htdocs\2014\epretest\protected\components\WebApplicationEndBehavior.php (26)
in C:\xampp\htdocs\2014\epretest\index.php (11)
2014/09/05 06:19:50 [error] [php] Undefined variable: go_to (C:\xampp\htdocs\2014\epretest\protected\controllers\web\ExamController.php:75)
Stack trace:
#0 C:\xampp\htdocs\2014\epretest\framework\web\CController.php(287): ExamController->runAction()
#1 C:\xampp\htdocs\2014\epretest\framework\web\CController.php(266): ExamController->runActionWithFilters()
#2 C:\xampp\htdocs\2014\epretest\framework\web\CWebApplication.php(276): ExamController->run()
#3 C:\xampp\htdocs\2014\epretest\framework\web\CWebApplication.php(135): CWebApplication->runController()
#4 C:\xampp\htdocs\2014\epretest\framework\base\CApplication.php(162): CWebApplication->processRequest()
#5 C:\xampp\htdocs\2014\epretest\protected\components\WebApplicationEndBehavior.php(26): CWebApplication->run()
#6 unknown(0): WebApplicationEndBehavior->runEnd()
#7 C:\xampp\htdocs\2014\epretest\framework\base\CComponent.php(261): call_user_func_array()
#8 C:\xampp\htdocs\2014\epretest\index.php(11): CWebApplication->__call()
#9 C:\xampp\htdocs\2014\epretest\index.php(11): CWebApplication->runEnd()
REQUEST_URI=/2014/epretest/index.php?r=exam/select&subject_id=24
in C:\xampp\htdocs\2014\epretest\protected\controllers\web\ExamController.php (75)
in C:\xampp\htdocs\2014\epretest\protected\components\WebApplicationEndBehavior.php (26)
in C:\xampp\htdocs\2014\epretest\index.php (11)
2014/09/05 06:24:55 [error] [php] Undefined variable: credi_remain (C:\xampp\htdocs\2014\epretest\protected\controllers\web\ExamController.php:205)
Stack trace:
#0 C:\xampp\htdocs\2014\epretest\framework\web\CController.php(287): ExamController->runAction()
#1 C:\xampp\htdocs\2014\epretest\framework\web\CController.php(266): ExamController->runActionWithFilters()
#2 C:\xampp\htdocs\2014\epretest\framework\web\CWebApplication.php(276): ExamController->run()
#3 C:\xampp\htdocs\2014\epretest\framework\web\CWebApplication.php(135): CWebApplication->runController()
#4 C:\xampp\htdocs\2014\epretest\framework\base\CApplication.php(162): CWebApplication->processRequest()
#5 C:\xampp\htdocs\2014\epretest\protected\components\WebApplicationEndBehavior.php(26): CWebApplication->run()
#6 unknown(0): WebApplicationEndBehavior->runEnd()
#7 C:\xampp\htdocs\2014\epretest\framework\base\CComponent.php(261): call_user_func_array()
#8 C:\xampp\htdocs\2014\epretest\index.php(11): CWebApplication->__call()
#9 C:\xampp\htdocs\2014\epretest\index.php(11): CWebApplication->runEnd()
REQUEST_URI=/2014/epretest/index.php?r=exam/usecredit&credit=50&id=63
in C:\xampp\htdocs\2014\epretest\protected\controllers\web\ExamController.php (205)
in C:\xampp\htdocs\2014\epretest\protected\components\WebApplicationEndBehavior.php (26)
in C:\xampp\htdocs\2014\epretest\index.php (11)
2014/09/05 06:25:32 [warning] [application] Failed to set unsafe attribute "hddnValue" of "LoginForm".
in C:\xampp\htdocs\2014\epretest\protected\controllers\web\SiteController.php (265)
in C:\xampp\htdocs\2014\epretest\protected\components\WebApplicationEndBehavior.php (26)
in C:\xampp\htdocs\2014\epretest\index.php (11)
2014/09/05 06:25:50 [error] [php] Undefined variable: go_to (C:\xampp\htdocs\2014\epretest\protected\controllers\web\ExamController.php:75)
Stack trace:
#0 C:\xampp\htdocs\2014\epretest\framework\web\CController.php(287): ExamController->runAction()
#1 C:\xampp\htdocs\2014\epretest\framework\web\CController.php(266): ExamController->runActionWithFilters()
#2 C:\xampp\htdocs\2014\epretest\framework\web\CWebApplication.php(276): ExamController->run()
#3 C:\xampp\htdocs\2014\epretest\framework\web\CWebApplication.php(135): CWebApplication->runController()
#4 C:\xampp\htdocs\2014\epretest\framework\base\CApplication.php(162): CWebApplication->processRequest()
#5 C:\xampp\htdocs\2014\epretest\protected\components\WebApplicationEndBehavior.php(26): CWebApplication->run()
#6 unknown(0): WebApplicationEndBehavior->runEnd()
#7 C:\xampp\htdocs\2014\epretest\framework\base\CComponent.php(261): call_user_func_array()
#8 C:\xampp\htdocs\2014\epretest\index.php(11): CWebApplication->__call()
#9 C:\xampp\htdocs\2014\epretest\index.php(11): CWebApplication->runEnd()
REQUEST_URI=/2014/epretest/index.php?r=exam/select&subject_id=2
in C:\xampp\htdocs\2014\epretest\protected\controllers\web\ExamController.php (75)
in C:\xampp\htdocs\2014\epretest\protected\components\WebApplicationEndBehavior.php (26)
in C:\xampp\htdocs\2014\epretest\index.php (11)
2014/09/05 06:25:53 [error] [php] Undefined variable: go_to (C:\xampp\htdocs\2014\epretest\protected\controllers\web\ExamController.php:75)
Stack trace:
#0 C:\xampp\htdocs\2014\epretest\framework\web\CController.php(287): ExamController->runAction()
#1 C:\xampp\htdocs\2014\epretest\framework\web\CController.php(266): ExamController->runActionWithFilters()
#2 C:\xampp\htdocs\2014\epretest\framework\web\CWebApplication.php(276): ExamController->run()
#3 C:\xampp\htdocs\2014\epretest\framework\web\CWebApplication.php(135): CWebApplication->runController()
#4 C:\xampp\htdocs\2014\epretest\framework\base\CApplication.php(162): CWebApplication->processRequest()
#5 C:\xampp\htdocs\2014\epretest\protected\components\WebApplicationEndBehavior.php(26): CWebApplication->run()
#6 unknown(0): WebApplicationEndBehavior->runEnd()
#7 C:\xampp\htdocs\2014\epretest\framework\base\CComponent.php(261): call_user_func_array()
#8 C:\xampp\htdocs\2014\epretest\index.php(11): CWebApplication->__call()
#9 C:\xampp\htdocs\2014\epretest\index.php(11): CWebApplication->runEnd()
REQUEST_URI=/2014/epretest/index.php?r=exam/select&subject_id=1
in C:\xampp\htdocs\2014\epretest\protected\controllers\web\ExamController.php (75)
in C:\xampp\htdocs\2014\epretest\protected\components\WebApplicationEndBehavior.php (26)
in C:\xampp\htdocs\2014\epretest\index.php (11)
2014/09/05 06:26:10 [error] [php] Undefined variable: credi_remain (C:\xampp\htdocs\2014\epretest\protected\controllers\web\ExamController.php:205)
Stack trace:
#0 C:\xampp\htdocs\2014\epretest\framework\web\CController.php(287): ExamController->runAction()
#1 C:\xampp\htdocs\2014\epretest\framework\web\CController.php(266): ExamController->runActionWithFilters()
#2 C:\xampp\htdocs\2014\epretest\framework\web\CWebApplication.php(276): ExamController->run()
#3 C:\xampp\htdocs\2014\epretest\framework\web\CWebApplication.php(135): CWebApplication->runController()
#4 C:\xampp\htdocs\2014\epretest\framework\base\CApplication.php(162): CWebApplication->processRequest()
#5 C:\xampp\htdocs\2014\epretest\protected\components\WebApplicationEndBehavior.php(26): CWebApplication->run()
#6 unknown(0): WebApplicationEndBehavior->runEnd()
#7 C:\xampp\htdocs\2014\epretest\framework\base\CComponent.php(261): call_user_func_array()
#8 C:\xampp\htdocs\2014\epretest\index.php(11): CWebApplication->__call()
#9 C:\xampp\htdocs\2014\epretest\index.php(11): CWebApplication->runEnd()
REQUEST_URI=/2014/epretest/index.php?r=exam/usecredit&credit=50&id=71
in C:\xampp\htdocs\2014\epretest\protected\controllers\web\ExamController.php (205)
in C:\xampp\htdocs\2014\epretest\protected\components\WebApplicationEndBehavior.php (26)
in C:\xampp\htdocs\2014\epretest\index.php (11)
2014/09/05 06:29:45 [error] [php] Undefined variable: go_to (C:\xampp\htdocs\2014\epretest\protected\controllers\web\ExamController.php:75)
Stack trace:
#0 C:\xampp\htdocs\2014\epretest\framework\web\CController.php(287): ExamController->runAction()
#1 C:\xampp\htdocs\2014\epretest\framework\web\CController.php(266): ExamController->runActionWithFilters()
#2 C:\xampp\htdocs\2014\epretest\framework\web\CWebApplication.php(276): ExamController->run()
#3 C:\xampp\htdocs\2014\epretest\framework\web\CWebApplication.php(135): CWebApplication->runController()
#4 C:\xampp\htdocs\2014\epretest\framework\base\CApplication.php(162): CWebApplication->processRequest()
#5 C:\xampp\htdocs\2014\epretest\protected\components\WebApplicationEndBehavior.php(26): CWebApplication->run()
#6 unknown(0): WebApplicationEndBehavior->runEnd()
#7 C:\xampp\htdocs\2014\epretest\framework\base\CComponent.php(261): call_user_func_array()
#8 C:\xampp\htdocs\2014\epretest\index.php(11): CWebApplication->__call()
#9 C:\xampp\htdocs\2014\epretest\index.php(11): CWebApplication->runEnd()
REQUEST_URI=/2014/epretest/index.php?r=exam/select&subject_id=24
in C:\xampp\htdocs\2014\epretest\protected\controllers\web\ExamController.php (75)
in C:\xampp\htdocs\2014\epretest\protected\components\WebApplicationEndBehavior.php (26)
in C:\xampp\htdocs\2014\epretest\index.php (11)
2014/09/05 06:38:21 [error] [php] Undefined variable: go_to (C:\xampp\htdocs\2014\epretest\protected\controllers\web\ExamController.php:75)
Stack trace:
#0 C:\xampp\htdocs\2014\epretest\framework\web\CController.php(287): ExamController->runAction()
#1 C:\xampp\htdocs\2014\epretest\framework\web\CController.php(266): ExamController->runActionWithFilters()
#2 C:\xampp\htdocs\2014\epretest\framework\web\CWebApplication.php(276): ExamController->run()
#3 C:\xampp\htdocs\2014\epretest\framework\web\CWebApplication.php(135): CWebApplication->runController()
#4 C:\xampp\htdocs\2014\epretest\framework\base\CApplication.php(162): CWebApplication->processRequest()
#5 C:\xampp\htdocs\2014\epretest\protected\components\WebApplicationEndBehavior.php(26): CWebApplication->run()
#6 unknown(0): WebApplicationEndBehavior->runEnd()
#7 C:\xampp\htdocs\2014\epretest\framework\base\CComponent.php(261): call_user_func_array()
#8 C:\xampp\htdocs\2014\epretest\index.php(11): CWebApplication->__call()
#9 C:\xampp\htdocs\2014\epretest\index.php(11): CWebApplication->runEnd()
REQUEST_URI=/2014/epretest/index.php?r=exam/select&subject_id=3
in C:\xampp\htdocs\2014\epretest\protected\controllers\web\ExamController.php (75)
in C:\xampp\htdocs\2014\epretest\protected\components\WebApplicationEndBehavior.php (26)
in C:\xampp\htdocs\2014\epretest\index.php (11)
2014/09/05 06:38:23 [error] [php] Undefined variable: go_to (C:\xampp\htdocs\2014\epretest\protected\controllers\web\ExamController.php:75)
Stack trace:
#0 C:\xampp\htdocs\2014\epretest\framework\web\CController.php(287): ExamController->runAction()
#1 C:\xampp\htdocs\2014\epretest\framework\web\CController.php(266): ExamController->runActionWithFilters()
#2 C:\xampp\htdocs\2014\epretest\framework\web\CWebApplication.php(276): ExamController->run()
#3 C:\xampp\htdocs\2014\epretest\framework\web\CWebApplication.php(135): CWebApplication->runController()
#4 C:\xampp\htdocs\2014\epretest\framework\base\CApplication.php(162): CWebApplication->processRequest()
#5 C:\xampp\htdocs\2014\epretest\protected\components\WebApplicationEndBehavior.php(26): CWebApplication->run()
#6 unknown(0): WebApplicationEndBehavior->runEnd()
#7 C:\xampp\htdocs\2014\epretest\framework\base\CComponent.php(261): call_user_func_array()
#8 C:\xampp\htdocs\2014\epretest\index.php(11): CWebApplication->__call()
#9 C:\xampp\htdocs\2014\epretest\index.php(11): CWebApplication->runEnd()
REQUEST_URI=/2014/epretest/index.php?r=exam/select&subject_id=3
in C:\xampp\htdocs\2014\epretest\protected\controllers\web\ExamController.php (75)
in C:\xampp\htdocs\2014\epretest\protected\components\WebApplicationEndBehavior.php (26)
in C:\xampp\htdocs\2014\epretest\index.php (11)
2014/09/05 06:38:25 [error] [php] Undefined variable: go_to (C:\xampp\htdocs\2014\epretest\protected\controllers\web\ExamController.php:75)
Stack trace:
#0 C:\xampp\htdocs\2014\epretest\framework\web\CController.php(287): ExamController->runAction()
#1 C:\xampp\htdocs\2014\epretest\framework\web\CController.php(266): ExamController->runActionWithFilters()
#2 C:\xampp\htdocs\2014\epretest\framework\web\CWebApplication.php(276): ExamController->run()
#3 C:\xampp\htdocs\2014\epretest\framework\web\CWebApplication.php(135): CWebApplication->runController()
#4 C:\xampp\htdocs\2014\epretest\framework\base\CApplication.php(162): CWebApplication->processRequest()
#5 C:\xampp\htdocs\2014\epretest\protected\components\WebApplicationEndBehavior.php(26): CWebApplication->run()
#6 unknown(0): WebApplicationEndBehavior->runEnd()
#7 C:\xampp\htdocs\2014\epretest\framework\base\CComponent.php(261): call_user_func_array()
#8 C:\xampp\htdocs\2014\epretest\index.php(11): CWebApplication->__call()
#9 C:\xampp\htdocs\2014\epretest\index.php(11): CWebApplication->runEnd()
REQUEST_URI=/2014/epretest/index.php?r=exam/select&subject_id=2
in C:\xampp\htdocs\2014\epretest\protected\controllers\web\ExamController.php (75)
in C:\xampp\htdocs\2014\epretest\protected\components\WebApplicationEndBehavior.php (26)
in C:\xampp\htdocs\2014\epretest\index.php (11)
2014/09/05 06:38:29 [error] [php] Undefined variable: go_to (C:\xampp\htdocs\2014\epretest\protected\controllers\web\ExamController.php:75)
Stack trace:
#0 C:\xampp\htdocs\2014\epretest\framework\web\CController.php(287): ExamController->runAction()
#1 C:\xampp\htdocs\2014\epretest\framework\web\CController.php(266): ExamController->runActionWithFilters()
#2 C:\xampp\htdocs\2014\epretest\framework\web\CWebApplication.php(276): ExamController->run()
#3 C:\xampp\htdocs\2014\epretest\framework\web\CWebApplication.php(135): CWebApplication->runController()
#4 C:\xampp\htdocs\2014\epretest\framework\base\CApplication.php(162): CWebApplication->processRequest()
#5 C:\xampp\htdocs\2014\epretest\protected\components\WebApplicationEndBehavior.php(26): CWebApplication->run()
#6 unknown(0): WebApplicationEndBehavior->runEnd()
#7 C:\xampp\htdocs\2014\epretest\framework\base\CComponent.php(261): call_user_func_array()
#8 C:\xampp\htdocs\2014\epretest\index.php(11): CWebApplication->__call()
#9 C:\xampp\htdocs\2014\epretest\index.php(11): CWebApplication->runEnd()
REQUEST_URI=/2014/epretest/index.php?r=exam/select&subject_id=1
in C:\xampp\htdocs\2014\epretest\protected\controllers\web\ExamController.php (75)
in C:\xampp\htdocs\2014\epretest\protected\components\WebApplicationEndBehavior.php (26)
in C:\xampp\htdocs\2014\epretest\index.php (11)
2014/09/05 06:38:32 [error] [php] Undefined variable: go_to (C:\xampp\htdocs\2014\epretest\protected\controllers\web\ExamController.php:75)
Stack trace:
#0 C:\xampp\htdocs\2014\epretest\framework\web\CController.php(287): ExamController->runAction()
#1 C:\xampp\htdocs\2014\epretest\framework\web\CController.php(266): ExamController->runActionWithFilters()
#2 C:\xampp\htdocs\2014\epretest\framework\web\CWebApplication.php(276): ExamController->run()
#3 C:\xampp\htdocs\2014\epretest\framework\web\CWebApplication.php(135): CWebApplication->runController()
#4 C:\xampp\htdocs\2014\epretest\framework\base\CApplication.php(162): CWebApplication->processRequest()
#5 C:\xampp\htdocs\2014\epretest\protected\components\WebApplicationEndBehavior.php(26): CWebApplication->run()
#6 unknown(0): WebApplicationEndBehavior->runEnd()
#7 C:\xampp\htdocs\2014\epretest\framework\base\CComponent.php(261): call_user_func_array()
#8 C:\xampp\htdocs\2014\epretest\index.php(11): CWebApplication->__call()
#9 C:\xampp\htdocs\2014\epretest\index.php(11): CWebApplication->runEnd()
REQUEST_URI=/2014/epretest/index.php?r=exam/select&subject_id=24
in C:\xampp\htdocs\2014\epretest\protected\controllers\web\ExamController.php (75)
in C:\xampp\htdocs\2014\epretest\protected\components\WebApplicationEndBehavior.php (26)
in C:\xampp\htdocs\2014\epretest\index.php (11)
2014/09/05 06:38:38 [error] [php] Undefined variable: go_to (C:\xampp\htdocs\2014\epretest\protected\controllers\web\ExamController.php:75)
Stack trace:
#0 C:\xampp\htdocs\2014\epretest\framework\web\CController.php(287): ExamController->runAction()
#1 C:\xampp\htdocs\2014\epretest\framework\web\CController.php(266): ExamController->runActionWithFilters()
#2 C:\xampp\htdocs\2014\epretest\framework\web\CWebApplication.php(276): ExamController->run()
#3 C:\xampp\htdocs\2014\epretest\framework\web\CWebApplication.php(135): CWebApplication->runController()
#4 C:\xampp\htdocs\2014\epretest\framework\base\CApplication.php(162): CWebApplication->processRequest()
#5 C:\xampp\htdocs\2014\epretest\protected\components\WebApplicationEndBehavior.php(26): CWebApplication->run()
#6 unknown(0): WebApplicationEndBehavior->runEnd()
#7 C:\xampp\htdocs\2014\epretest\framework\base\CComponent.php(261): call_user_func_array()
#8 C:\xampp\htdocs\2014\epretest\index.php(11): CWebApplication->__call()
#9 C:\xampp\htdocs\2014\epretest\index.php(11): CWebApplication->runEnd()
REQUEST_URI=/2014/epretest/index.php?r=exam/select&subject_id=24
in C:\xampp\htdocs\2014\epretest\protected\controllers\web\ExamController.php (75)
in C:\xampp\htdocs\2014\epretest\protected\components\WebApplicationEndBehavior.php (26)
in C:\xampp\htdocs\2014\epretest\index.php (11)
2014/09/05 06:38:40 [error] [php] Undefined variable: go_to (C:\xampp\htdocs\2014\epretest\protected\controllers\web\ExamController.php:75)
Stack trace:
#0 C:\xampp\htdocs\2014\epretest\framework\web\CController.php(287): ExamController->runAction()
#1 C:\xampp\htdocs\2014\epretest\framework\web\CController.php(266): ExamController->runActionWithFilters()
#2 C:\xampp\htdocs\2014\epretest\framework\web\CWebApplication.php(276): ExamController->run()
#3 C:\xampp\htdocs\2014\epretest\framework\web\CWebApplication.php(135): CWebApplication->runController()
#4 C:\xampp\htdocs\2014\epretest\framework\base\CApplication.php(162): CWebApplication->processRequest()
#5 C:\xampp\htdocs\2014\epretest\protected\components\WebApplicationEndBehavior.php(26): CWebApplication->run()
#6 unknown(0): WebApplicationEndBehavior->runEnd()
#7 C:\xampp\htdocs\2014\epretest\framework\base\CComponent.php(261): call_user_func_array()
#8 C:\xampp\htdocs\2014\epretest\index.php(11): CWebApplication->__call()
#9 C:\xampp\htdocs\2014\epretest\index.php(11): CWebApplication->runEnd()
REQUEST_URI=/2014/epretest/index.php?r=exam/select&subject_id=24
in C:\xampp\htdocs\2014\epretest\protected\controllers\web\ExamController.php (75)
in C:\xampp\htdocs\2014\epretest\protected\components\WebApplicationEndBehavior.php (26)
in C:\xampp\htdocs\2014\epretest\index.php (11)
2014/09/05 06:48:20 [error] [exception.CHttpException.404] exception 'CHttpException' with message 'The requested page does not exist.' in C:\xampp\htdocs\2014\epretest\protected\controllers\web\ExamController.php:237
Stack trace:
#0 C:\xampp\htdocs\2014\epretest\protected\controllers\web\ExamController.php(255): ExamController->loadTestRecord(NULL)
#1 C:\xampp\htdocs\2014\epretest\protected\controllers\web\ExamController.php(108): ExamController->saveExamForm()
#2 C:\xampp\htdocs\2014\epretest\framework\web\actions\CInlineAction.php(50): ExamController->actionSubmit()
#3 C:\xampp\htdocs\2014\epretest\framework\web\CController.php(309): CInlineAction->runWithParams(Array)
#4 C:\xampp\htdocs\2014\epretest\framework\web\CController.php(287): CController->runAction(Object(CInlineAction))
#5 C:\xampp\htdocs\2014\epretest\framework\web\CController.php(266): CController->runActionWithFilters(Object(CInlineAction), Array)
#6 C:\xampp\htdocs\2014\epretest\framework\web\CWebApplication.php(276): CController->run('submit')
#7 C:\xampp\htdocs\2014\epretest\framework\web\CWebApplication.php(135): CWebApplication->runController('exam/submit')
#8 C:\xampp\htdocs\2014\epretest\framework\base\CApplication.php(162): CWebApplication->processRequest()
#9 C:\xampp\htdocs\2014\epretest\protected\components\WebApplicationEndBehavior.php(26): CApplication->run()
#10 [internal function]: WebApplicationEndBehavior->runEnd('web')
#11 C:\xampp\htdocs\2014\epretest\framework\base\CComponent.php(261): call_user_func_array(Array, Array)
#12 C:\xampp\htdocs\2014\epretest\index.php(11): CComponent->__call('runEnd', Array)
#13 C:\xampp\htdocs\2014\epretest\index.php(11): CWebApplication->runEnd('web')
#14 {main}
REQUEST_URI=/2014/epretest/index.php?r=exam/submit&id=21
HTTP_REFERER=http://localhost/2014/epretest/index.php?r=exam&id=21
---
2014/09/05 06:48:45 [error] [exception.CHttpException.404] exception 'CHttpException' with message 'The requested page does not exist.' in C:\xampp\htdocs\2014\epretest\protected\controllers\web\ExamController.php:237
Stack trace:
#0 C:\xampp\htdocs\2014\epretest\protected\controllers\web\ExamController.php(255): ExamController->loadTestRecord(NULL)
#1 C:\xampp\htdocs\2014\epretest\protected\controllers\web\ExamController.php(108): ExamController->saveExamForm()
#2 C:\xampp\htdocs\2014\epretest\framework\web\actions\CInlineAction.php(50): ExamController->actionSubmit()
#3 C:\xampp\htdocs\2014\epretest\framework\web\CController.php(309): CInlineAction->runWithParams(Array)
#4 C:\xampp\htdocs\2014\epretest\framework\web\CController.php(287): CController->runAction(Object(CInlineAction))
#5 C:\xampp\htdocs\2014\epretest\framework\web\CController.php(266): CController->runActionWithFilters(Object(CInlineAction), Array)
#6 C:\xampp\htdocs\2014\epretest\framework\web\CWebApplication.php(276): CController->run('submit')
#7 C:\xampp\htdocs\2014\epretest\framework\web\CWebApplication.php(135): CWebApplication->runController('exam/submit')
#8 C:\xampp\htdocs\2014\epretest\framework\base\CApplication.php(162): CWebApplication->processRequest()
#9 C:\xampp\htdocs\2014\epretest\protected\components\WebApplicationEndBehavior.php(26): CApplication->run()
#10 [internal function]: WebApplicationEndBehavior->runEnd('web')
#11 C:\xampp\htdocs\2014\epretest\framework\base\CComponent.php(261): call_user_func_array(Array, Array)
#12 C:\xampp\htdocs\2014\epretest\index.php(11): CComponent->__call('runEnd', Array)
#13 C:\xampp\htdocs\2014\epretest\index.php(11): CWebApplication->runEnd('web')
#14 {main}
REQUEST_URI=/2014/epretest/index.php?r=exam/submit&id=21
HTTP_REFERER=http://localhost/2014/epretest/index.php?r=exam&id=21
---
2014/09/05 06:48:57 [error] [exception.CHttpException.404] exception 'CHttpException' with message 'The requested page does not exist.' in C:\xampp\htdocs\2014\epretest\protected\controllers\web\ExamController.php:237
Stack trace:
#0 C:\xampp\htdocs\2014\epretest\protected\controllers\web\ExamController.php(255): ExamController->loadTestRecord(NULL)
#1 C:\xampp\htdocs\2014\epretest\protected\controllers\web\ExamController.php(96): ExamController->saveExamForm()
#2 C:\xampp\htdocs\2014\epretest\framework\web\actions\CInlineAction.php(50): ExamController->actionSave()
#3 C:\xampp\htdocs\2014\epretest\framework\web\CController.php(309): CInlineAction->runWithParams(Array)
#4 C:\xampp\htdocs\2014\epretest\framework\web\CController.php(287): CController->runAction(Object(CInlineAction))
#5 C:\xampp\htdocs\2014\epretest\framework\web\CController.php(266): CController->runActionWithFilters(Object(CInlineAction), Array)
#6 C:\xampp\htdocs\2014\epretest\framework\web\CWebApplication.php(276): CController->run('save')
#7 C:\xampp\htdocs\2014\epretest\framework\web\CWebApplication.php(135): CWebApplication->runController('exam/save')
#8 C:\xampp\htdocs\2014\epretest\framework\base\CApplication.php(162): CWebApplication->processRequest()
#9 C:\xampp\htdocs\2014\epretest\protected\components\WebApplicationEndBehavior.php(26): CApplication->run()
#10 [internal function]: WebApplicationEndBehavior->runEnd('web')
#11 C:\xampp\htdocs\2014\epretest\framework\base\CComponent.php(261): call_user_func_array(Array, Array)
#12 C:\xampp\htdocs\2014\epretest\index.php(11): CComponent->__call('runEnd', Array)
#13 C:\xampp\htdocs\2014\epretest\index.php(11): CWebApplication->runEnd('web')
#14 {main}
REQUEST_URI=/2014/epretest/index.php?r=exam/save
HTTP_REFERER=http://localhost/2014/epretest/index.php?r=exam&id=21
---
2014/09/05 06:56:37 [error] [php] move_uploaded_file(C:\xampp\htdocs\2014\epretest\protected\..\uploads\student\Student_8.jpg): failed to open stream: No such file or directory (C:\xampp\htdocs\2014\epretest\framework\web\CUploadedFile.php:197)
Stack trace:
#0 C:\xampp\htdocs\2014\epretest\framework\web\actions\CInlineAction.php(50): StudentController->actionUpdate()
#1 C:\xampp\htdocs\2014\epretest\framework\web\CController.php(309): CInlineAction->runWithParams()
#2 C:\xampp\htdocs\2014\epretest\framework\web\filters\CFilterChain.php(134): StudentController->runAction()
#3 C:\xampp\htdocs\2014\epretest\framework\web\filters\CFilter.php(41): CFilterChain->run()
#4 C:\xampp\htdocs\2014\epretest\framework\web\CController.php(1146): CAccessControlFilter->filter()
#5 C:\xampp\htdocs\2014\epretest\framework\web\filters\CInlineFilter.php(59): StudentController->filterAccessControl()
#6 C:\xampp\htdocs\2014\epretest\framework\web\filters\CFilterChain.php(131): CInlineFilter->filter()
#7 C:\xampp\htdocs\2014\epretest\framework\web\CController.php(292): CFilterChain->run()
#8 C:\xampp\htdocs\2014\epretest\framework\web\CController.php(266): StudentController->runActionWithFilters()
#9 C:\xampp\htdocs\2014\epretest\framework\web\CWebApplication.php(276): StudentController->run()
#10 C:\xampp\htdocs\2014\epretest\framework\web\CWebApplication.php(135): CWebApplication->runController()
#11 C:\xampp\htdocs\2014\epretest\framework\base\CApplication.php(162): CWebApplication->processRequest()
#12 C:\xampp\htdocs\2014\epretest\protected\components\WebApplicationEndBehavior.php(26): CWebApplication->run()
#13 unknown(0): WebApplicationEndBehavior->runEnd()
#14 C:\xampp\htdocs\2014\epretest\framework\base\CComponent.php(261): call_user_func_array()
#15 C:\xampp\htdocs\2014\epretest\index.php(11): CWebApplication->__call()
#16 C:\xampp\htdocs\2014\epretest\index.php(11): CWebApplication->runEnd()
REQUEST_URI=/2014/epretest/index.php?r=student/update
in C:\xampp\htdocs\2014\epretest\protected\controllers\web\StudentController.php (362)
in C:\xampp\htdocs\2014\epretest\protected\components\WebApplicationEndBehavior.php (26)
in C:\xampp\htdocs\2014\epretest\index.php (11)
2014/09/05 06:58:29 [error] [php] Undefined index: amt (C:\xampp\htdocs\2014\epretest\protected\controllers\web\PaymentController.php:243)
Stack trace:
#0 C:\xampp\htdocs\2014\epretest\framework\web\CController.php(287): PaymentController->runAction()
#1 C:\xampp\htdocs\2014\epretest\framework\web\CController.php(266): PaymentController->runActionWithFilters()
#2 C:\xampp\htdocs\2014\epretest\framework\web\CWebApplication.php(276): PaymentController->run()
#3 C:\xampp\htdocs\2014\epretest\framework\web\CWebApplication.php(135): CWebApplication->runController()
#4 C:\xampp\htdocs\2014\epretest\framework\base\CApplication.php(162): CWebApplication->processRequest()
#5 C:\xampp\htdocs\2014\epretest\protected\components\WebApplicationEndBehavior.php(26): CWebApplication->run()
#6 unknown(0): WebApplicationEndBehavior->runEnd()
#7 C:\xampp\htdocs\2014\epretest\framework\base\CComponent.php(261): call_user_func_array()
#8 C:\xampp\htdocs\2014\epretest\index.php(11): CWebApplication->__call()
#9 C:\xampp\htdocs\2014\epretest\index.php(11): CWebApplication->runEnd()
REQUEST_URI=/2014/epretest/index.php?r=payment/getinvoice
in C:\xampp\htdocs\2014\epretest\protected\controllers\web\PaymentController.php (243)
in C:\xampp\htdocs\2014\epretest\protected\components\WebApplicationEndBehavior.php (26)
in C:\xampp\htdocs\2014\epretest\index.php (11)
2014/09/05 06:58:33 [error] [php] Undefined index: amt (C:\xampp\htdocs\2014\epretest\protected\controllers\web\PaymentController.php:243)
Stack trace:
#0 C:\xampp\htdocs\2014\epretest\framework\web\CController.php(287): PaymentController->runAction()
#1 C:\xampp\htdocs\2014\epretest\framework\web\CController.php(266): PaymentController->runActionWithFilters()
#2 C:\xampp\htdocs\2014\epretest\framework\web\CWebApplication.php(276): PaymentController->run()
#3 C:\xampp\htdocs\2014\epretest\framework\web\CWebApplication.php(135): CWebApplication->runController()
#4 C:\xampp\htdocs\2014\epretest\framework\base\CApplication.php(162): CWebApplication->processRequest()
#5 C:\xampp\htdocs\2014\epretest\protected\components\WebApplicationEndBehavior.php(26): CWebApplication->run()
#6 unknown(0): WebApplicationEndBehavior->runEnd()
#7 C:\xampp\htdocs\2014\epretest\framework\base\CComponent.php(261): call_user_func_array()
#8 C:\xampp\htdocs\2014\epretest\index.php(11): CWebApplication->__call()
#9 C:\xampp\htdocs\2014\epretest\index.php(11): CWebApplication->runEnd()
REQUEST_URI=/2014/epretest/index.php?r=payment/getinvoice
in C:\xampp\htdocs\2014\epretest\protected\controllers\web\PaymentController.php (243)
in C:\xampp\htdocs\2014\epretest\protected\components\WebApplicationEndBehavior.php (26)
in C:\xampp\htdocs\2014\epretest\index.php (11)
2014/09/05 06:58:43 [error] [php] Undefined index: amt (C:\xampp\htdocs\2014\epretest\protected\controllers\web\PaymentController.php:243)
Stack trace:
#0 C:\xampp\htdocs\2014\epretest\framework\web\CController.php(287): PaymentController->runAction()
#1 C:\xampp\htdocs\2014\epretest\framework\web\CController.php(266): PaymentController->runActionWithFilters()
#2 C:\xampp\htdocs\2014\epretest\framework\web\CWebApplication.php(276): PaymentController->run()
#3 C:\xampp\htdocs\2014\epretest\framework\web\CWebApplication.php(135): CWebApplication->runController()
#4 C:\xampp\htdocs\2014\epretest\framework\base\CApplication.php(162): CWebApplication->processRequest()
#5 C:\xampp\htdocs\2014\epretest\protected\components\WebApplicationEndBehavior.php(26): CWebApplication->run()
#6 unknown(0): WebApplicationEndBehavior->runEnd()
#7 C:\xampp\htdocs\2014\epretest\framework\base\CComponent.php(261): call_user_func_array()
#8 C:\xampp\htdocs\2014\epretest\index.php(11): CWebApplication->__call()
#9 C:\xampp\htdocs\2014\epretest\index.php(11): CWebApplication->runEnd()
REQUEST_URI=/2014/epretest/index.php?r=payment/getinvoice
in C:\xampp\htdocs\2014\epretest\protected\controllers\web\PaymentController.php (243)
in C:\xampp\htdocs\2014\epretest\protected\components\WebApplicationEndBehavior.php (26)
in C:\xampp\htdocs\2014\epretest\index.php (11)
2014/09/05 07:02:20 [error] [php] Undefined variable: go_to (C:\xampp\htdocs\2014\epretest\protected\controllers\web\ExamController.php:75)
Stack trace:
#0 C:\xampp\htdocs\2014\epretest\framework\web\CController.php(287): ExamController->runAction()
#1 C:\xampp\htdocs\2014\epretest\framework\web\CController.php(266): ExamController->runActionWithFilters()
#2 C:\xampp\htdocs\2014\epretest\framework\web\CWebApplication.php(276): ExamController->run()
#3 C:\xampp\htdocs\2014\epretest\framework\web\CWebApplication.php(135): CWebApplication->runController()
#4 C:\xampp\htdocs\2014\epretest\framework\base\CApplication.php(162): CWebApplication->processRequest()
#5 C:\xampp\htdocs\2014\epretest\protected\components\WebApplicationEndBehavior.php(26): CWebApplication->run()
#6 unknown(0): WebApplicationEndBehavior->runEnd()
#7 C:\xampp\htdocs\2014\epretest\framework\base\CComponent.php(261): call_user_func_array()
#8 C:\xampp\htdocs\2014\epretest\index.php(11): CWebApplication->__call()
#9 C:\xampp\htdocs\2014\epretest\index.php(11): CWebApplication->runEnd()
REQUEST_URI=/2014/epretest/index.php?r=exam/select&subject_id=25
in C:\xampp\htdocs\2014\epretest\protected\controllers\web\ExamController.php (75)
in C:\xampp\htdocs\2014\epretest\protected\components\WebApplicationEndBehavior.php (26)
in C:\xampp\htdocs\2014\epretest\index.php (11)
2014/09/05 07:02:26 [error] [php] Undefined variable: go_to (C:\xampp\htdocs\2014\epretest\protected\controllers\web\ExamController.php:75)
Stack trace:
#0 C:\xampp\htdocs\2014\epretest\framework\web\CController.php(287): ExamController->runAction()
#1 C:\xampp\htdocs\2014\epretest\framework\web\CController.php(266): ExamController->runActionWithFilters()
#2 C:\xampp\htdocs\2014\epretest\framework\web\CWebApplication.php(276): ExamController->run()
#3 C:\xampp\htdocs\2014\epretest\framework\web\CWebApplication.php(135): CWebApplication->runController()
#4 C:\xampp\htdocs\2014\epretest\framework\base\CApplication.php(162): CWebApplication->processRequest()
#5 C:\xampp\htdocs\2014\epretest\protected\components\WebApplicationEndBehavior.php(26): CWebApplication->run()
#6 unknown(0): WebApplicationEndBehavior->runEnd()
#7 C:\xampp\htdocs\2014\epretest\framework\base\CComponent.php(261): call_user_func_array()
#8 C:\xampp\htdocs\2014\epretest\index.php(11): CWebApplication->__call()
#9 C:\xampp\htdocs\2014\epretest\index.php(11): CWebApplication->runEnd()
REQUEST_URI=/2014/epretest/index.php?r=exam/select&subject_id=25
in C:\xampp\htdocs\2014\epretest\protected\controllers\web\ExamController.php (75)
in C:\xampp\htdocs\2014\epretest\protected\components\WebApplicationEndBehavior.php (26)
in C:\xampp\htdocs\2014\epretest\index.php (11)
2014/09/05 07:02:32 [error] [php] Undefined variable: go_to (C:\xampp\htdocs\2014\epretest\protected\controllers\web\ExamController.php:75)
Stack trace:
#0 C:\xampp\htdocs\2014\epretest\framework\web\CController.php(287): ExamController->runAction()
#1 C:\xampp\htdocs\2014\epretest\framework\web\CController.php(266): ExamController->runActionWithFilters()
#2 C:\xampp\htdocs\2014\epretest\framework\web\CWebApplication.php(276): ExamController->run()
#3 C:\xampp\htdocs\2014\epretest\framework\web\CWebApplication.php(135): CWebApplication->runController()
#4 C:\xampp\htdocs\2014\epretest\framework\base\CApplication.php(162): CWebApplication->processRequest()
#5 C:\xampp\htdocs\2014\epretest\protected\components\WebApplicationEndBehavior.php(26): CWebApplication->run()
#6 unknown(0): WebApplicationEndBehavior->runEnd()
#7 C:\xampp\htdocs\2014\epretest\framework\base\CComponent.php(261): call_user_func_array()
#8 C:\xampp\htdocs\2014\epretest\index.php(11): CWebApplication->__call()
#9 C:\xampp\htdocs\2014\epretest\index.php(11): CWebApplication->runEnd()
REQUEST_URI=/2014/epretest/index.php?r=exam/select&subject_id=25
in C:\xampp\htdocs\2014\epretest\protected\controllers\web\ExamController.php (75)
in C:\xampp\htdocs\2014\epretest\protected\components\WebApplicationEndBehavior.php (26)
in C:\xampp\htdocs\2014\epretest\index.php (11)
2014/09/05 07:03:58 [error] [php] Undefined variable: go_to (C:\xampp\htdocs\2014\epretest\protected\controllers\web\ExamController.php:75)
Stack trace:
#0 C:\xampp\htdocs\2014\epretest\framework\web\CController.php(287): ExamController->runAction()
#1 C:\xampp\htdocs\2014\epretest\framework\web\CController.php(266): ExamController->runActionWithFilters()
#2 C:\xampp\htdocs\2014\epretest\framework\web\CWebApplication.php(276): ExamController->run()
#3 C:\xampp\htdocs\2014\epretest\framework\web\CWebApplication.php(135): CWebApplication->runController()
#4 C:\xampp\htdocs\2014\epretest\framework\base\CApplication.php(162): CWebApplication->processRequest()
#5 C:\xampp\htdocs\2014\epretest\protected\components\WebApplicationEndBehavior.php(26): CWebApplication->run()
#6 unknown(0): WebApplicationEndBehavior->runEnd()
#7 C:\xampp\htdocs\2014\epretest\framework\base\CComponent.php(261): call_user_func_array()
#8 C:\xampp\htdocs\2014\epretest\index.php(11): CWebApplication->__call()
#9 C:\xampp\htdocs\2014\epretest\index.php(11): CWebApplication->runEnd()
REQUEST_URI=/2014/epretest/index.php?r=exam/select&subject_id=25
in C:\xampp\htdocs\2014\epretest\protected\controllers\web\ExamController.php (75)
in C:\xampp\htdocs\2014\epretest\protected\components\WebApplicationEndBehavior.php (26)
in C:\xampp\htdocs\2014\epretest\index.php (11)
2014/09/05 07:18:04 [error] [php] Undefined variable: go_to (C:\xampp\htdocs\2014\epretest\protected\controllers\web\ExamController.php:75)
Stack trace:
#0 C:\xampp\htdocs\2014\epretest\framework\web\CController.php(287): ExamController->runAction()
#1 C:\xampp\htdocs\2014\epretest\framework\web\CController.php(266): ExamController->runActionWithFilters()
#2 C:\xampp\htdocs\2014\epretest\framework\web\CWebApplication.php(276): ExamController->run()
#3 C:\xampp\htdocs\2014\epretest\framework\web\CWebApplication.php(135): CWebApplication->runController()
#4 C:\xampp\htdocs\2014\epretest\framework\base\CApplication.php(162): CWebApplication->processRequest()
#5 C:\xampp\htdocs\2014\epretest\protected\components\WebApplicationEndBehavior.php(26): CWebApplication->run()
#6 unknown(0): WebApplicationEndBehavior->runEnd()
#7 C:\xampp\htdocs\2014\epretest\framework\base\CComponent.php(261): call_user_func_array()
#8 C:\xampp\htdocs\2014\epretest\index.php(11): CWebApplication->__call()
#9 C:\xampp\htdocs\2014\epretest\index.php(11): CWebApplication->runEnd()
REQUEST_URI=/2014/epretest/index.php?r=exam/select&subject_id=25
in C:\xampp\htdocs\2014\epretest\protected\controllers\web\ExamController.php (75)
in C:\xampp\htdocs\2014\epretest\protected\components\WebApplicationEndBehavior.php (26)
in C:\xampp\htdocs\2014\epretest\index.php (11)
2014/09/05 07:23:41 [error] [php] Undefined variable: go_to (C:\xampp\htdocs\2014\epretest\protected\controllers\web\ExamController.php:75)
Stack trace:
#0 C:\xampp\htdocs\2014\epretest\framework\web\CController.php(287): ExamController->runAction()
#1 C:\xampp\htdocs\2014\epretest\framework\web\CController.php(266): ExamController->runActionWithFilters()
#2 C:\xampp\htdocs\2014\epretest\framework\web\CWebApplication.php(276): ExamController->run()
#3 C:\xampp\htdocs\2014\epretest\framework\web\CWebApplication.php(135): CWebApplication->runController()
#4 C:\xampp\htdocs\2014\epretest\framework\base\CApplication.php(162): CWebApplication->processRequest()
#5 C:\xampp\htdocs\2014\epretest\protected\components\WebApplicationEndBehavior.php(26): CWebApplication->run()
#6 unknown(0): WebApplicationEndBehavior->runEnd()
#7 C:\xampp\htdocs\2014\epretest\framework\base\CComponent.php(261): call_user_func_array()
#8 C:\xampp\htdocs\2014\epretest\index.php(11): CWebApplication->__call()
#9 C:\xampp\htdocs\2014\epretest\index.php(11): CWebApplication->runEnd()
REQUEST_URI=/2014/epretest/index.php?r=exam/select&subject_id=25
in C:\xampp\htdocs\2014\epretest\protected\controllers\web\ExamController.php (75)
in C:\xampp\htdocs\2014\epretest\protected\components\WebApplicationEndBehavior.php (26)
in C:\xampp\htdocs\2014\epretest\index.php (11)
2014/09/05 07:23:48 [error] [php] Undefined variable: go_to (C:\xampp\htdocs\2014\epretest\protected\controllers\web\ExamController.php:75)
Stack trace:
#0 C:\xampp\htdocs\2014\epretest\framework\web\CController.php(287): ExamController->runAction()
#1 C:\xampp\htdocs\2014\epretest\framework\web\CController.php(266): ExamController->runActionWithFilters()
#2 C:\xampp\htdocs\2014\epretest\framework\web\CWebApplication.php(276): ExamController->run()
#3 C:\xampp\htdocs\2014\epretest\framework\web\CWebApplication.php(135): CWebApplication->runController()
#4 C:\xampp\htdocs\2014\epretest\framework\base\CApplication.php(162): CWebApplication->processRequest()
#5 C:\xampp\htdocs\2014\epretest\protected\components\WebApplicationEndBehavior.php(26): CWebApplication->run()
#6 unknown(0): WebApplicationEndBehavior->runEnd()
#7 C:\xampp\htdocs\2014\epretest\framework\base\CComponent.php(261): call_user_func_array()
#8 C:\xampp\htdocs\2014\epretest\index.php(11): CWebApplication->__call()
#9 C:\xampp\htdocs\2014\epretest\index.php(11): CWebApplication->runEnd()
REQUEST_URI=/2014/epretest/index.php?r=exam/select&subject_id=25
in C:\xampp\htdocs\2014\epretest\protected\controllers\web\ExamController.php (75)
in C:\xampp\htdocs\2014\epretest\protected\components\WebApplicationEndBehavior.php (26)
in C:\xampp\htdocs\2014\epretest\index.php (11)
2014/09/05 09:05:36 [error] [exception.CHttpException.404] exception 'CHttpException' with message 'The requested page does not exist.' in C:\xampp\htdocs\2014\epretest\protected\controllers\web\ExamController.php:236
Stack trace:
#0 C:\xampp\htdocs\2014\epretest\protected\controllers\web\ExamController.php(254): ExamController->loadTestRecord(NULL)
#1 C:\xampp\htdocs\2014\epretest\protected\controllers\web\ExamController.php(107): ExamController->saveExamForm()
#2 C:\xampp\htdocs\2014\epretest\framework\web\actions\CInlineAction.php(50): ExamController->actionSubmit()
#3 C:\xampp\htdocs\2014\epretest\framework\web\CController.php(309): CInlineAction->runWithParams(Array)
#4 C:\xampp\htdocs\2014\epretest\framework\web\CController.php(287): CController->runAction(Object(CInlineAction))
#5 C:\xampp\htdocs\2014\epretest\framework\web\CController.php(266): CController->runActionWithFilters(Object(CInlineAction), Array)
#6 C:\xampp\htdocs\2014\epretest\framework\web\CWebApplication.php(276): CController->run('submit')
#7 C:\xampp\htdocs\2014\epretest\framework\web\CWebApplication.php(135): CWebApplication->runController('exam/submit')
#8 C:\xampp\htdocs\2014\epretest\framework\base\CApplication.php(162): CWebApplication->processRequest()
#9 C:\xampp\htdocs\2014\epretest\protected\components\WebApplicationEndBehavior.php(26): CApplication->run()
#10 [internal function]: WebApplicationEndBehavior->runEnd('web')
#11 C:\xampp\htdocs\2014\epretest\framework\base\CComponent.php(261): call_user_func_array(Array, Array)
#12 C:\xampp\htdocs\2014\epretest\index.php(11): CComponent->__call('runEnd', Array)
#13 C:\xampp\htdocs\2014\epretest\index.php(11): CWebApplication->runEnd('web')
#14 {main}
REQUEST_URI=/2014/epretest/index.php?r=exam/submit&id=20
HTTP_REFERER=http://localhost/2014/epretest/index.php?r=exam&id=20
---
2014/09/05 09:41:07 [warning] [application] Failed to set unsafe attribute "hddnValue" of "LoginForm".
in C:\xampp\htdocs\2014\epretest\protected\controllers\web\SiteController.php (265)
in C:\xampp\htdocs\2014\epretest\protected\components\WebApplicationEndBehavior.php (26)
in C:\xampp\htdocs\2014\epretest\index.php (11)
